2023-04-21 09:35:48,857 - INFO - Se inició la aplicación
2023-04-21 09:35:52,746 - INFO - Se inició la aplicación
2023-04-21 09:35:59,690 - INFO - Se inició la aplicación
2023-04-21 09:36:15,537 - INFO - Se inició la aplicación
2023-04-21 09:36:18,934 - INFO - Se inició la aplicación
2023-04-21 09:36:23,645 - INFO - Se inició la aplicación
2023-04-21 09:36:48,166 - INFO - Se inició la aplicación
2023-04-21 09:36:55,741 - INFO - Se inició la aplicación
2023-04-21 09:38:06,563 - INFO - Se inició la aplicación
2023-04-21 09:38:54,596 - INFO - Se inició la aplicación
2023-04-21 09:39:47,857 - INFO - Se inició la aplicación
2023-04-21 09:39:55,523 - INFO - Se inició la aplicación
2023-04-21 09:39:59,819 - INFO - Se inició la aplicación
2023-04-21 09:45:21,045 - INFO - Inicio sesion el usuario Gerson
2023-04-21 09:45:21,045 - INFO - Inicio sesion el usuario Gerson
2023-04-21 10:00:37,485 - INFO - Se inició la aplicación
2023-04-21 10:00:46,514 - INFO - Se inició la aplicación
2023-04-21 10:00:54,036 - INFO - Se inició la aplicación
2023-04-21 10:04:18,000 - INFO - Se inició la aplicación
2023-04-21 10:04:21,900 - INFO - Se inició la aplicación
2023-04-21 10:04:31,201 - INFO - Se inició la aplicación
2023-04-21 10:04:43,415 - INFO - Se inició la aplicación
2023-04-21 10:04:48,630 - INFO - Se inició la aplicación
2023-04-21 10:05:13,423 - INFO - Se inició la aplicación
2023-04-21 10:05:30,064 - INFO - Se inició la aplicación
2023-04-21 10:05:39,288 - INFO - Se inició la aplicación
2023-04-21 10:05:49,857 - INFO - Se inició la aplicación
2023-04-21 10:06:00,110 - INFO - Inicio sesion el usuario Gerson
2023-04-21 10:06:00,110 - INFO - Inicio sesion el usuario Gerson
2023-04-21 10:09:55,151 - INFO - Ingreso al módulo de usuarios. Usuario: Gerson
2023-04-21 10:09:55,151 - INFO - Ingreso al módulo de usuarios. Usuario: Gerson
2023-04-21 10:09:55,151 - INFO - Ingreso al módulo de usuarios. Usuario: Gerson
2023-04-21 10:10:27,989 - INFO - Ingreso al módulo de usuarios. Usuario: Gerson
2023-04-21 10:10:27,989 - INFO - Ingreso al módulo de usuarios. Usuario: Gerson
2023-04-21 10:10:27,989 - INFO - Ingreso al módulo de usuarios. Usuario: Gerson
2023-04-21 10:10:27,989 - INFO - Ingreso al módulo de usuarios. Usuario: Gerson
2023-04-21 10:11:02,555 - INFO - Sesión finalizada por el usuario Gerson
2023-04-21 10:11:02,555 - INFO - Sesión finalizada por el usuario Gerson
2023-04-21 10:11:02,555 - INFO - Sesión finalizada por el usuario Gerson
2023-04-21 10:11:02,555 - INFO - Sesión finalizada por el usuario Gerson
2023-04-21 10:11:02,555 - INFO - Sesión finalizada por el usuario Gerson
2023-04-21 11:18:52,826 - INFO - Se inició la aplicación
2023-04-21 11:18:54,515 - INFO - Se inició la aplicación
2023-04-21 11:19:02,808 - WARNING - Intento de logueo con datos incorrectos con el correo gerson@gmail.com
2023-04-21 11:19:02,808 - WARNING - Intento de logueo con datos incorrectos con el correo gerson@gmail.com
2023-04-21 11:19:07,295 - INFO - Inicio sesion el usuario Gerson
2023-04-21 11:19:07,295 - INFO - Inicio sesion el usuario Gerson
2023-04-21 11:19:07,295 - INFO - Inicio sesion el usuario Gerson
2023-04-21 11:19:08,837 - INFO - Ingreso al módulo de usuarios. Usuario: Gerson
2023-04-21 11:19:08,837 - INFO - Ingreso al módulo de usuarios. Usuario: Gerson
2023-04-21 11:19:08,837 - INFO - Ingreso al módulo de usuarios. Usuario: Gerson
2023-04-21 11:19:08,837 - INFO - Ingreso al módulo de usuarios. Usuario: Gerson
2023-04-21 11:19:10,375 - INFO - Visualizo el formulario de registro de usuario. Usuario: Gerson
2023-04-21 11:19:10,375 - INFO - Visualizo el formulario de registro de usuario. Usuario: Gerson
2023-04-21 11:19:10,375 - INFO - Visualizo el formulario de registro de usuario. Usuario: Gerson
2023-04-21 11:19:10,375 - INFO - Visualizo el formulario de registro de usuario. Usuario: Gerson
2023-04-21 11:19:10,375 - INFO - Visualizo el formulario de registro de usuario. Usuario: Gerson
2023-04-21 11:19:24,603 - INFO - Visualizo el formulario de registro de usuario. Usuario: Gerson
2023-04-21 11:19:24,603 - INFO - Visualizo el formulario de registro de usuario. Usuario: Gerson
2023-04-21 11:19:24,603 - INFO - Visualizo el formulario de registro de usuario. Usuario: Gerson
2023-04-21 11:19:24,603 - INFO - Visualizo el formulario de registro de usuario. Usuario: Gerson
2023-04-21 11:19:24,603 - INFO - Visualizo el formulario de registro de usuario. Usuario: Gerson
2023-04-21 11:19:24,603 - INFO - Visualizo el formulario de registro de usuario. Usuario: Gerson
2023-04-21 11:19:24,630 - INFO - El usuario Gerson registro a un Empleado con los datos:                            Nombre: Prueba Prueba, Correo = prueba@gmail.com
2023-04-21 11:19:24,630 - INFO - El usuario Gerson registro a un Empleado con los datos:                            Nombre: Prueba Prueba, Correo = prueba@gmail.com
2023-04-21 11:19:24,630 - INFO - El usuario Gerson registro a un Empleado con los datos:                            Nombre: Prueba Prueba, Correo = prueba@gmail.com
2023-04-21 11:19:24,630 - INFO - El usuario Gerson registro a un Empleado con los datos:                            Nombre: Prueba Prueba, Correo = prueba@gmail.com
2023-04-21 11:19:24,630 - INFO - El usuario Gerson registro a un Empleado con los datos:                            Nombre: Prueba Prueba, Correo = prueba@gmail.com
2023-04-21 11:19:24,630 - INFO - El usuario Gerson registro a un Empleado con los datos:                            Nombre: Prueba Prueba, Correo = prueba@gmail.com
2023-04-21 11:19:24,646 - INFO - Ingreso al módulo de usuarios. Usuario: Gerson
2023-04-21 11:19:24,646 - INFO - Ingreso al módulo de usuarios. Usuario: Gerson
2023-04-21 11:19:24,646 - INFO - Ingreso al módulo de usuarios. Usuario: Gerson
2023-04-21 11:19:24,646 - INFO - Ingreso al módulo de usuarios. Usuario: Gerson
2023-04-21 11:19:24,646 - INFO - Ingreso al módulo de usuarios. Usuario: Gerson
2023-04-21 11:19:24,646 - INFO - Ingreso al módulo de usuarios. Usuario: Gerson
2023-04-21 11:19:24,646 - INFO - Ingreso al módulo de usuarios. Usuario: Gerson
2023-04-21 11:19:52,630 - INFO - El usuario Gerson visualizo el menú para eliminar lógicamente un usuario
2023-04-21 11:19:52,630 - INFO - El usuario Gerson visualizo el menú para eliminar lógicamente un usuario
2023-04-21 11:19:52,630 - INFO - El usuario Gerson visualizo el menú para eliminar lógicamente un usuario
2023-04-21 11:19:52,630 - INFO - El usuario Gerson visualizo el menú para eliminar lógicamente un usuario
2023-04-21 11:19:52,630 - INFO - El usuario Gerson visualizo el menú para eliminar lógicamente un usuario
2023-04-21 11:19:52,630 - INFO - El usuario Gerson visualizo el menú para eliminar lógicamente un usuario
2023-04-21 11:19:52,630 - INFO - El usuario Gerson visualizo el menú para eliminar lógicamente un usuario
2023-04-21 11:19:52,630 - INFO - El usuario Gerson visualizo el menú para eliminar lógicamente un usuario
2023-04-21 11:19:54,956 - INFO - El usuario Gerson visualizo el menú para eliminar lógicamente un usuario
2023-04-21 11:19:54,956 - INFO - El usuario Gerson visualizo el menú para eliminar lógicamente un usuario
2023-04-21 11:19:54,956 - INFO - El usuario Gerson visualizo el menú para eliminar lógicamente un usuario
2023-04-21 11:19:54,956 - INFO - El usuario Gerson visualizo el menú para eliminar lógicamente un usuario
2023-04-21 11:19:54,956 - INFO - El usuario Gerson visualizo el menú para eliminar lógicamente un usuario
2023-04-21 11:19:54,956 - INFO - El usuario Gerson visualizo el menú para eliminar lógicamente un usuario
2023-04-21 11:19:54,956 - INFO - El usuario Gerson visualizo el menú para eliminar lógicamente un usuario
2023-04-21 11:19:54,956 - INFO - El usuario Gerson visualizo el menú para eliminar lógicamente un usuario
2023-04-21 11:19:54,956 - INFO - El usuario Gerson visualizo el menú para eliminar lógicamente un usuario
2023-04-21 11:19:54,973 - INFO - El usuario Gerson eliminó logicamente al usuario con el                            nombre: Prueba Prueba, Correo: prueba@gmail.com
2023-04-21 11:19:54,973 - INFO - El usuario Gerson eliminó logicamente al usuario con el                            nombre: Prueba Prueba, Correo: prueba@gmail.com
2023-04-21 11:19:54,973 - INFO - El usuario Gerson eliminó logicamente al usuario con el                            nombre: Prueba Prueba, Correo: prueba@gmail.com
2023-04-21 11:19:54,973 - INFO - El usuario Gerson eliminó logicamente al usuario con el                            nombre: Prueba Prueba, Correo: prueba@gmail.com
2023-04-21 11:19:54,973 - INFO - El usuario Gerson eliminó logicamente al usuario con el                            nombre: Prueba Prueba, Correo: prueba@gmail.com
2023-04-21 11:19:54,973 - INFO - El usuario Gerson eliminó logicamente al usuario con el                            nombre: Prueba Prueba, Correo: prueba@gmail.com
2023-04-21 11:19:54,973 - INFO - El usuario Gerson eliminó logicamente al usuario con el                            nombre: Prueba Prueba, Correo: prueba@gmail.com
2023-04-21 11:19:54,973 - INFO - El usuario Gerson eliminó logicamente al usuario con el                            nombre: Prueba Prueba, Correo: prueba@gmail.com
2023-04-21 11:19:54,973 - INFO - El usuario Gerson eliminó logicamente al usuario con el                            nombre: Prueba Prueba, Correo: prueba@gmail.com
2023-04-21 11:19:54,990 - INFO - Ingreso al módulo de usuarios. Usuario: Gerson
2023-04-21 11:19:54,990 - INFO - Ingreso al módulo de usuarios. Usuario: Gerson
2023-04-21 11:19:54,990 - INFO - Ingreso al módulo de usuarios. Usuario: Gerson
2023-04-21 11:19:54,990 - INFO - Ingreso al módulo de usuarios. Usuario: Gerson
2023-04-21 11:19:54,990 - INFO - Ingreso al módulo de usuarios. Usuario: Gerson
2023-04-21 11:19:54,990 - INFO - Ingreso al módulo de usuarios. Usuario: Gerson
2023-04-21 11:19:54,990 - INFO - Ingreso al módulo de usuarios. Usuario: Gerson
2023-04-21 11:19:54,990 - INFO - Ingreso al módulo de usuarios. Usuario: Gerson
2023-04-21 11:19:54,990 - INFO - Ingreso al módulo de usuarios. Usuario: Gerson
2023-04-21 11:19:54,990 - INFO - Ingreso al módulo de usuarios. Usuario: Gerson
2023-04-21 11:21:04,936 - WARNING - Intento de logueo con datos incorrectos con el correo gerson@gmail.com
2023-04-21 11:21:04,936 - WARNING - Intento de logueo con datos incorrectos con el correo gerson@gmail.com
2023-04-21 11:21:04,936 - WARNING - Intento de logueo con datos incorrectos con el correo gerson@gmail.com
2023-04-21 11:21:04,936 - WARNING - Intento de logueo con datos incorrectos con el correo gerson@gmail.com
2023-04-21 11:21:04,936 - WARNING - Intento de logueo con datos incorrectos con el correo gerson@gmail.com
2023-04-21 11:21:04,936 - WARNING - Intento de logueo con datos incorrectos con el correo gerson@gmail.com
2023-04-21 11:21:04,936 - WARNING - Intento de logueo con datos incorrectos con el correo gerson@gmail.com
2023-04-21 11:21:04,936 - WARNING - Intento de logueo con datos incorrectos con el correo gerson@gmail.com
2023-04-21 11:21:04,936 - WARNING - Intento de logueo con datos incorrectos con el correo gerson@gmail.com
2023-04-21 11:21:04,936 - WARNING - Intento de logueo con datos incorrectos con el correo gerson@gmail.com
2023-04-21 11:21:04,936 - WARNING - Intento de logueo con datos incorrectos con el correo gerson@gmail.com
2023-04-21 11:27:39,620 - INFO - Sesión finalizada por el usuario Gerson
2023-04-21 11:27:39,620 - INFO - Sesión finalizada por el usuario Gerson
2023-04-21 11:27:39,620 - INFO - Sesión finalizada por el usuario Gerson
2023-04-21 11:27:39,620 - INFO - Sesión finalizada por el usuario Gerson
2023-04-21 11:27:39,620 - INFO - Sesión finalizada por el usuario Gerson
2023-04-21 11:27:39,620 - INFO - Sesión finalizada por el usuario Gerson
2023-04-21 11:27:39,620 - INFO - Sesión finalizada por el usuario Gerson
2023-04-21 11:27:39,620 - INFO - Sesión finalizada por el usuario Gerson
2023-04-21 11:27:39,620 - INFO - Sesión finalizada por el usuario Gerson
2023-04-21 11:27:39,620 - INFO - Sesión finalizada por el usuario Gerson
2023-04-21 11:27:39,620 - INFO - Sesión finalizada por el usuario Gerson
2023-04-21 11:27:39,620 - INFO - Sesión finalizada por el usuario Gerson
2023-04-21 11:31:28,418 - INFO - Se inició la aplicación
2023-04-21 11:31:33,379 - INFO - Se inició la aplicación
2023-04-21 11:31:52,367 - INFO - Se inició la aplicación
2023-04-21 11:31:54,038 - INFO - Se inició la aplicación
2023-04-21 11:32:06,197 - INFO - Inicio sesion el usuario Gerson
2023-04-21 11:32:06,197 - INFO - Inicio sesion el usuario Gerson
2023-04-21 11:32:34,925 - INFO - Ingreso al módulo de usuarios. Usuario: Gerson
2023-04-21 11:32:34,925 - INFO - Ingreso al módulo de usuarios. Usuario: Gerson
2023-04-21 11:32:34,925 - INFO - Ingreso al módulo de usuarios. Usuario: Gerson
2023-04-21 11:36:03,752 - INFO - Ingreso al módulo de usuarios. Usuario: Gerson
2023-04-21 11:36:03,752 - INFO - Ingreso al módulo de usuarios. Usuario: Gerson
2023-04-21 11:36:03,752 - INFO - Ingreso al módulo de usuarios. Usuario: Gerson
2023-04-21 11:36:03,752 - INFO - Ingreso al módulo de usuarios. Usuario: Gerson
2023-04-21 11:36:05,254 - INFO - Ingreso al módulo de usuarios. Usuario: Gerson
2023-04-21 11:36:05,254 - INFO - Ingreso al módulo de usuarios. Usuario: Gerson
2023-04-21 11:36:05,254 - INFO - Ingreso al módulo de usuarios. Usuario: Gerson
2023-04-21 11:36:05,254 - INFO - Ingreso al módulo de usuarios. Usuario: Gerson
2023-04-21 11:36:05,254 - INFO - Ingreso al módulo de usuarios. Usuario: Gerson
2023-04-21 11:38:17,650 - INFO - Ingreso al módulo de usuarios. Usuario: Gerson
2023-04-21 11:38:17,650 - INFO - Ingreso al módulo de usuarios. Usuario: Gerson
2023-04-21 11:38:17,650 - INFO - Ingreso al módulo de usuarios. Usuario: Gerson
2023-04-21 11:38:17,650 - INFO - Ingreso al módulo de usuarios. Usuario: Gerson
2023-04-21 11:38:17,650 - INFO - Ingreso al módulo de usuarios. Usuario: Gerson
2023-04-21 11:38:17,650 - INFO - Ingreso al módulo de usuarios. Usuario: Gerson
2023-04-21 11:38:28,293 - INFO - Visualizo el formulario de registro de usuario. Usuario: Gerson
2023-04-21 11:38:28,293 - INFO - Visualizo el formulario de registro de usuario. Usuario: Gerson
2023-04-21 11:38:28,293 - INFO - Visualizo el formulario de registro de usuario. Usuario: Gerson
2023-04-21 11:38:28,293 - INFO - Visualizo el formulario de registro de usuario. Usuario: Gerson
2023-04-21 11:38:28,293 - INFO - Visualizo el formulario de registro de usuario. Usuario: Gerson
2023-04-21 11:38:28,293 - INFO - Visualizo el formulario de registro de usuario. Usuario: Gerson
2023-04-21 11:38:28,293 - INFO - Visualizo el formulario de registro de usuario. Usuario: Gerson
2023-04-21 11:38:46,928 - INFO - Visualizo el formulario de registro de usuario. Usuario: Gerson
2023-04-21 11:38:46,928 - INFO - Visualizo el formulario de registro de usuario. Usuario: Gerson
2023-04-21 11:38:46,928 - INFO - Visualizo el formulario de registro de usuario. Usuario: Gerson
2023-04-21 11:38:46,928 - INFO - Visualizo el formulario de registro de usuario. Usuario: Gerson
2023-04-21 11:38:46,928 - INFO - Visualizo el formulario de registro de usuario. Usuario: Gerson
2023-04-21 11:38:46,928 - INFO - Visualizo el formulario de registro de usuario. Usuario: Gerson
2023-04-21 11:38:46,928 - INFO - Visualizo el formulario de registro de usuario. Usuario: Gerson
2023-04-21 11:38:46,928 - INFO - Visualizo el formulario de registro de usuario. Usuario: Gerson
2023-04-21 11:38:46,952 - INFO - El usuario Gerson registro a un Empleado con los datos:                            Nombre: Juan Camaney, Correo = juanito@gmail.com
2023-04-21 11:38:46,952 - INFO - El usuario Gerson registro a un Empleado con los datos:                            Nombre: Juan Camaney, Correo = juanito@gmail.com
2023-04-21 11:38:46,952 - INFO - El usuario Gerson registro a un Empleado con los datos:                            Nombre: Juan Camaney, Correo = juanito@gmail.com
2023-04-21 11:38:46,952 - INFO - El usuario Gerson registro a un Empleado con los datos:                            Nombre: Juan Camaney, Correo = juanito@gmail.com
2023-04-21 11:38:46,952 - INFO - El usuario Gerson registro a un Empleado con los datos:                            Nombre: Juan Camaney, Correo = juanito@gmail.com
2023-04-21 11:38:46,952 - INFO - El usuario Gerson registro a un Empleado con los datos:                            Nombre: Juan Camaney, Correo = juanito@gmail.com
2023-04-21 11:38:46,952 - INFO - El usuario Gerson registro a un Empleado con los datos:                            Nombre: Juan Camaney, Correo = juanito@gmail.com
2023-04-21 11:38:46,952 - INFO - El usuario Gerson registro a un Empleado con los datos:                            Nombre: Juan Camaney, Correo = juanito@gmail.com
2023-04-21 11:38:46,967 - INFO - Ingreso al módulo de usuarios. Usuario: Gerson
2023-04-21 11:38:46,967 - INFO - Ingreso al módulo de usuarios. Usuario: Gerson
2023-04-21 11:38:46,967 - INFO - Ingreso al módulo de usuarios. Usuario: Gerson
2023-04-21 11:38:46,967 - INFO - Ingreso al módulo de usuarios. Usuario: Gerson
2023-04-21 11:38:46,967 - INFO - Ingreso al módulo de usuarios. Usuario: Gerson
2023-04-21 11:38:46,967 - INFO - Ingreso al módulo de usuarios. Usuario: Gerson
2023-04-21 11:38:46,967 - INFO - Ingreso al módulo de usuarios. Usuario: Gerson
2023-04-21 11:38:46,967 - INFO - Ingreso al módulo de usuarios. Usuario: Gerson
2023-04-21 11:38:46,967 - INFO - Ingreso al módulo de usuarios. Usuario: Gerson
2023-04-21 11:38:55,200 - INFO - El usuario Gerson visualizo el formulario para modificar un usuario
2023-04-21 11:38:55,200 - INFO - El usuario Gerson visualizo el formulario para modificar un usuario
2023-04-21 11:38:55,200 - INFO - El usuario Gerson visualizo el formulario para modificar un usuario
2023-04-21 11:38:55,200 - INFO - El usuario Gerson visualizo el formulario para modificar un usuario
2023-04-21 11:38:55,200 - INFO - El usuario Gerson visualizo el formulario para modificar un usuario
2023-04-21 11:38:55,200 - INFO - El usuario Gerson visualizo el formulario para modificar un usuario
2023-04-21 11:38:55,200 - INFO - El usuario Gerson visualizo el formulario para modificar un usuario
2023-04-21 11:38:55,200 - INFO - El usuario Gerson visualizo el formulario para modificar un usuario
2023-04-21 11:38:55,200 - INFO - El usuario Gerson visualizo el formulario para modificar un usuario
2023-04-21 11:38:55,200 - INFO - El usuario Gerson visualizo el formulario para modificar un usuario
2023-04-21 11:38:56,859 - INFO - Ingreso al módulo de usuarios. Usuario: Gerson
2023-04-21 11:38:56,859 - INFO - Ingreso al módulo de usuarios. Usuario: Gerson
2023-04-21 11:38:56,859 - INFO - Ingreso al módulo de usuarios. Usuario: Gerson
2023-04-21 11:38:56,859 - INFO - Ingreso al módulo de usuarios. Usuario: Gerson
2023-04-21 11:38:56,859 - INFO - Ingreso al módulo de usuarios. Usuario: Gerson
2023-04-21 11:38:56,859 - INFO - Ingreso al módulo de usuarios. Usuario: Gerson
2023-04-21 11:38:56,859 - INFO - Ingreso al módulo de usuarios. Usuario: Gerson
2023-04-21 11:38:56,859 - INFO - Ingreso al módulo de usuarios. Usuario: Gerson
2023-04-21 11:38:56,859 - INFO - Ingreso al módulo de usuarios. Usuario: Gerson
2023-04-21 11:38:56,859 - INFO - Ingreso al módulo de usuarios. Usuario: Gerson
2023-04-21 11:38:56,859 - INFO - Ingreso al módulo de usuarios. Usuario: Gerson
2023-04-21 11:40:37,916 - INFO - Ingreso al módulo de usuarios. Usuario: Gerson
2023-04-21 11:40:37,916 - INFO - Ingreso al módulo de usuarios. Usuario: Gerson
2023-04-21 11:40:37,916 - INFO - Ingreso al módulo de usuarios. Usuario: Gerson
2023-04-21 11:40:37,916 - INFO - Ingreso al módulo de usuarios. Usuario: Gerson
2023-04-21 11:40:37,916 - INFO - Ingreso al módulo de usuarios. Usuario: Gerson
2023-04-21 11:40:37,916 - INFO - Ingreso al módulo de usuarios. Usuario: Gerson
2023-04-21 11:40:37,916 - INFO - Ingreso al módulo de usuarios. Usuario: Gerson
2023-04-21 11:40:37,916 - INFO - Ingreso al módulo de usuarios. Usuario: Gerson
2023-04-21 11:40:37,916 - INFO - Ingreso al módulo de usuarios. Usuario: Gerson
2023-04-21 11:40:37,916 - INFO - Ingreso al módulo de usuarios. Usuario: Gerson
2023-04-21 11:40:37,916 - INFO - Ingreso al módulo de usuarios. Usuario: Gerson
2023-04-21 11:40:37,916 - INFO - Ingreso al módulo de usuarios. Usuario: Gerson
2023-04-21 11:41:37,168 - INFO - Ingreso al módulo de usuarios. Usuario: Gerson
2023-04-21 11:41:37,168 - INFO - Ingreso al módulo de usuarios. Usuario: Gerson
2023-04-21 11:41:37,168 - INFO - Ingreso al módulo de usuarios. Usuario: Gerson
2023-04-21 11:41:37,168 - INFO - Ingreso al módulo de usuarios. Usuario: Gerson
2023-04-21 11:41:37,168 - INFO - Ingreso al módulo de usuarios. Usuario: Gerson
2023-04-21 11:41:37,168 - INFO - Ingreso al módulo de usuarios. Usuario: Gerson
2023-04-21 11:41:37,168 - INFO - Ingreso al módulo de usuarios. Usuario: Gerson
2023-04-21 11:41:37,168 - INFO - Ingreso al módulo de usuarios. Usuario: Gerson
2023-04-21 11:41:37,168 - INFO - Ingreso al módulo de usuarios. Usuario: Gerson
2023-04-21 11:41:37,168 - INFO - Ingreso al módulo de usuarios. Usuario: Gerson
2023-04-21 11:41:37,168 - INFO - Ingreso al módulo de usuarios. Usuario: Gerson
2023-04-21 11:41:37,168 - INFO - Ingreso al módulo de usuarios. Usuario: Gerson
2023-04-21 11:41:37,168 - INFO - Ingreso al módulo de usuarios. Usuario: Gerson
2023-04-21 11:41:43,265 - INFO - Ingreso al módulo de usuarios. Usuario: Gerson
2023-04-21 11:41:43,265 - INFO - Ingreso al módulo de usuarios. Usuario: Gerson
2023-04-21 11:41:43,265 - INFO - Ingreso al módulo de usuarios. Usuario: Gerson
2023-04-21 11:41:43,265 - INFO - Ingreso al módulo de usuarios. Usuario: Gerson
2023-04-21 11:41:43,265 - INFO - Ingreso al módulo de usuarios. Usuario: Gerson
2023-04-21 11:41:43,265 - INFO - Ingreso al módulo de usuarios. Usuario: Gerson
2023-04-21 11:41:43,265 - INFO - Ingreso al módulo de usuarios. Usuario: Gerson
2023-04-21 11:41:43,265 - INFO - Ingreso al módulo de usuarios. Usuario: Gerson
2023-04-21 11:41:43,265 - INFO - Ingreso al módulo de usuarios. Usuario: Gerson
2023-04-21 11:41:43,265 - INFO - Ingreso al módulo de usuarios. Usuario: Gerson
2023-04-21 11:41:43,265 - INFO - Ingreso al módulo de usuarios. Usuario: Gerson
2023-04-21 11:41:43,265 - INFO - Ingreso al módulo de usuarios. Usuario: Gerson
2023-04-21 11:41:43,265 - INFO - Ingreso al módulo de usuarios. Usuario: Gerson
2023-04-21 11:41:43,265 - INFO - Ingreso al módulo de usuarios. Usuario: Gerson
2023-04-21 11:41:52,350 - INFO - Ingreso al módulo de usuarios. Usuario: Gerson
2023-04-21 11:41:52,350 - INFO - Ingreso al módulo de usuarios. Usuario: Gerson
2023-04-21 11:41:52,350 - INFO - Ingreso al módulo de usuarios. Usuario: Gerson
2023-04-21 11:41:52,350 - INFO - Ingreso al módulo de usuarios. Usuario: Gerson
2023-04-21 11:41:52,350 - INFO - Ingreso al módulo de usuarios. Usuario: Gerson
2023-04-21 11:41:52,350 - INFO - Ingreso al módulo de usuarios. Usuario: Gerson
2023-04-21 11:41:52,350 - INFO - Ingreso al módulo de usuarios. Usuario: Gerson
2023-04-21 11:41:52,350 - INFO - Ingreso al módulo de usuarios. Usuario: Gerson
2023-04-21 11:41:52,350 - INFO - Ingreso al módulo de usuarios. Usuario: Gerson
2023-04-21 11:41:52,350 - INFO - Ingreso al módulo de usuarios. Usuario: Gerson
2023-04-21 11:41:52,350 - INFO - Ingreso al módulo de usuarios. Usuario: Gerson
2023-04-21 11:41:52,350 - INFO - Ingreso al módulo de usuarios. Usuario: Gerson
2023-04-21 11:41:52,350 - INFO - Ingreso al módulo de usuarios. Usuario: Gerson
2023-04-21 11:41:52,350 - INFO - Ingreso al módulo de usuarios. Usuario: Gerson
2023-04-21 11:41:52,350 - INFO - Ingreso al módulo de usuarios. Usuario: Gerson
2023-04-21 11:41:58,586 - INFO - Ingreso al módulo de usuarios. Usuario: Gerson
2023-04-21 11:41:58,586 - INFO - Ingreso al módulo de usuarios. Usuario: Gerson
2023-04-21 11:41:58,586 - INFO - Ingreso al módulo de usuarios. Usuario: Gerson
2023-04-21 11:41:58,586 - INFO - Ingreso al módulo de usuarios. Usuario: Gerson
2023-04-21 11:41:58,586 - INFO - Ingreso al módulo de usuarios. Usuario: Gerson
2023-04-21 11:41:58,586 - INFO - Ingreso al módulo de usuarios. Usuario: Gerson
2023-04-21 11:41:58,586 - INFO - Ingreso al módulo de usuarios. Usuario: Gerson
2023-04-21 11:41:58,586 - INFO - Ingreso al módulo de usuarios. Usuario: Gerson
2023-04-21 11:41:58,586 - INFO - Ingreso al módulo de usuarios. Usuario: Gerson
2023-04-21 11:41:58,586 - INFO - Ingreso al módulo de usuarios. Usuario: Gerson
2023-04-21 11:41:58,586 - INFO - Ingreso al módulo de usuarios. Usuario: Gerson
2023-04-21 11:41:58,586 - INFO - Ingreso al módulo de usuarios. Usuario: Gerson
2023-04-21 11:41:58,586 - INFO - Ingreso al módulo de usuarios. Usuario: Gerson
2023-04-21 11:41:58,586 - INFO - Ingreso al módulo de usuarios. Usuario: Gerson
2023-04-21 11:41:58,586 - INFO - Ingreso al módulo de usuarios. Usuario: Gerson
2023-04-21 11:41:58,586 - INFO - Ingreso al módulo de usuarios. Usuario: Gerson
2023-04-21 11:42:40,012 - INFO - Ingreso al módulo de usuarios. Usuario: Gerson
2023-04-21 11:42:40,012 - INFO - Ingreso al módulo de usuarios. Usuario: Gerson
2023-04-21 11:42:40,012 - INFO - Ingreso al módulo de usuarios. Usuario: Gerson
2023-04-21 11:42:40,012 - INFO - Ingreso al módulo de usuarios. Usuario: Gerson
2023-04-21 11:42:40,012 - INFO - Ingreso al módulo de usuarios. Usuario: Gerson
2023-04-21 11:42:40,012 - INFO - Ingreso al módulo de usuarios. Usuario: Gerson
2023-04-21 11:42:40,012 - INFO - Ingreso al módulo de usuarios. Usuario: Gerson
2023-04-21 11:42:40,012 - INFO - Ingreso al módulo de usuarios. Usuario: Gerson
2023-04-21 11:42:40,012 - INFO - Ingreso al módulo de usuarios. Usuario: Gerson
2023-04-21 11:42:40,012 - INFO - Ingreso al módulo de usuarios. Usuario: Gerson
2023-04-21 11:42:40,012 - INFO - Ingreso al módulo de usuarios. Usuario: Gerson
2023-04-21 11:42:40,012 - INFO - Ingreso al módulo de usuarios. Usuario: Gerson
2023-04-21 11:42:40,012 - INFO - Ingreso al módulo de usuarios. Usuario: Gerson
2023-04-21 11:42:40,012 - INFO - Ingreso al módulo de usuarios. Usuario: Gerson
2023-04-21 11:42:40,012 - INFO - Ingreso al módulo de usuarios. Usuario: Gerson
2023-04-21 11:42:40,012 - INFO - Ingreso al módulo de usuarios. Usuario: Gerson
2023-04-21 11:42:40,012 - INFO - Ingreso al módulo de usuarios. Usuario: Gerson
2023-04-21 11:42:48,418 - INFO - Ingreso al módulo de usuarios. Usuario: Gerson
2023-04-21 11:42:48,418 - INFO - Ingreso al módulo de usuarios. Usuario: Gerson
2023-04-21 11:42:48,418 - INFO - Ingreso al módulo de usuarios. Usuario: Gerson
2023-04-21 11:42:48,418 - INFO - Ingreso al módulo de usuarios. Usuario: Gerson
2023-04-21 11:42:48,418 - INFO - Ingreso al módulo de usuarios. Usuario: Gerson
2023-04-21 11:42:48,418 - INFO - Ingreso al módulo de usuarios. Usuario: Gerson
2023-04-21 11:42:48,418 - INFO - Ingreso al módulo de usuarios. Usuario: Gerson
2023-04-21 11:42:48,418 - INFO - Ingreso al módulo de usuarios. Usuario: Gerson
2023-04-21 11:42:48,418 - INFO - Ingreso al módulo de usuarios. Usuario: Gerson
2023-04-21 11:42:48,418 - INFO - Ingreso al módulo de usuarios. Usuario: Gerson
2023-04-21 11:42:48,418 - INFO - Ingreso al módulo de usuarios. Usuario: Gerson
2023-04-21 11:42:48,418 - INFO - Ingreso al módulo de usuarios. Usuario: Gerson
2023-04-21 11:42:48,418 - INFO - Ingreso al módulo de usuarios. Usuario: Gerson
2023-04-21 11:42:48,418 - INFO - Ingreso al módulo de usuarios. Usuario: Gerson
2023-04-21 11:42:48,418 - INFO - Ingreso al módulo de usuarios. Usuario: Gerson
2023-04-21 11:42:48,418 - INFO - Ingreso al módulo de usuarios. Usuario: Gerson
2023-04-21 11:42:48,418 - INFO - Ingreso al módulo de usuarios. Usuario: Gerson
2023-04-21 11:42:48,418 - INFO - Ingreso al módulo de usuarios. Usuario: Gerson
2023-04-21 11:51:12,282 - INFO - Ingreso al módulo de usuarios. Usuario: Gerson
2023-04-21 11:51:12,282 - INFO - Ingreso al módulo de usuarios. Usuario: Gerson
2023-04-21 11:51:12,282 - INFO - Ingreso al módulo de usuarios. Usuario: Gerson
2023-04-21 11:51:12,282 - INFO - Ingreso al módulo de usuarios. Usuario: Gerson
2023-04-21 11:51:12,282 - INFO - Ingreso al módulo de usuarios. Usuario: Gerson
2023-04-21 11:51:12,282 - INFO - Ingreso al módulo de usuarios. Usuario: Gerson
2023-04-21 11:51:12,282 - INFO - Ingreso al módulo de usuarios. Usuario: Gerson
2023-04-21 11:51:12,282 - INFO - Ingreso al módulo de usuarios. Usuario: Gerson
2023-04-21 11:51:12,282 - INFO - Ingreso al módulo de usuarios. Usuario: Gerson
2023-04-21 11:51:12,282 - INFO - Ingreso al módulo de usuarios. Usuario: Gerson
2023-04-21 11:51:12,282 - INFO - Ingreso al módulo de usuarios. Usuario: Gerson
2023-04-21 11:51:12,282 - INFO - Ingreso al módulo de usuarios. Usuario: Gerson
2023-04-21 11:51:12,282 - INFO - Ingreso al módulo de usuarios. Usuario: Gerson
2023-04-21 11:51:12,282 - INFO - Ingreso al módulo de usuarios. Usuario: Gerson
2023-04-21 11:51:12,282 - INFO - Ingreso al módulo de usuarios. Usuario: Gerson
2023-04-21 11:51:12,282 - INFO - Ingreso al módulo de usuarios. Usuario: Gerson
2023-04-21 11:51:12,282 - INFO - Ingreso al módulo de usuarios. Usuario: Gerson
2023-04-21 11:51:12,282 - INFO - Ingreso al módulo de usuarios. Usuario: Gerson
2023-04-21 11:51:12,282 - INFO - Ingreso al módulo de usuarios. Usuario: Gerson
2023-04-21 11:52:46,131 - INFO - Ingreso al módulo de usuarios. Usuario: Gerson
2023-04-21 11:52:46,131 - INFO - Ingreso al módulo de usuarios. Usuario: Gerson
2023-04-21 11:52:46,131 - INFO - Ingreso al módulo de usuarios. Usuario: Gerson
2023-04-21 11:52:46,131 - INFO - Ingreso al módulo de usuarios. Usuario: Gerson
2023-04-21 11:52:46,131 - INFO - Ingreso al módulo de usuarios. Usuario: Gerson
2023-04-21 11:52:46,131 - INFO - Ingreso al módulo de usuarios. Usuario: Gerson
2023-04-21 11:52:46,131 - INFO - Ingreso al módulo de usuarios. Usuario: Gerson
2023-04-21 11:52:46,131 - INFO - Ingreso al módulo de usuarios. Usuario: Gerson
2023-04-21 11:52:46,131 - INFO - Ingreso al módulo de usuarios. Usuario: Gerson
2023-04-21 11:52:46,131 - INFO - Ingreso al módulo de usuarios. Usuario: Gerson
2023-04-21 11:52:46,131 - INFO - Ingreso al módulo de usuarios. Usuario: Gerson
2023-04-21 11:52:46,131 - INFO - Ingreso al módulo de usuarios. Usuario: Gerson
2023-04-21 11:52:46,131 - INFO - Ingreso al módulo de usuarios. Usuario: Gerson
2023-04-21 11:52:46,131 - INFO - Ingreso al módulo de usuarios. Usuario: Gerson
2023-04-21 11:52:46,131 - INFO - Ingreso al módulo de usuarios. Usuario: Gerson
2023-04-21 11:52:46,131 - INFO - Ingreso al módulo de usuarios. Usuario: Gerson
2023-04-21 11:52:46,131 - INFO - Ingreso al módulo de usuarios. Usuario: Gerson
2023-04-21 11:52:46,131 - INFO - Ingreso al módulo de usuarios. Usuario: Gerson
2023-04-21 11:52:46,131 - INFO - Ingreso al módulo de usuarios. Usuario: Gerson
2023-04-21 11:52:46,131 - INFO - Ingreso al módulo de usuarios. Usuario: Gerson
2023-04-21 11:54:45,545 - INFO - Ingreso al módulo de usuarios. Usuario: Gerson
2023-04-21 11:54:45,545 - INFO - Ingreso al módulo de usuarios. Usuario: Gerson
2023-04-21 11:54:45,545 - INFO - Ingreso al módulo de usuarios. Usuario: Gerson
2023-04-21 11:54:45,545 - INFO - Ingreso al módulo de usuarios. Usuario: Gerson
2023-04-21 11:54:45,545 - INFO - Ingreso al módulo de usuarios. Usuario: Gerson
2023-04-21 11:54:45,545 - INFO - Ingreso al módulo de usuarios. Usuario: Gerson
2023-04-21 11:54:45,545 - INFO - Ingreso al módulo de usuarios. Usuario: Gerson
2023-04-21 11:54:45,545 - INFO - Ingreso al módulo de usuarios. Usuario: Gerson
2023-04-21 11:54:45,545 - INFO - Ingreso al módulo de usuarios. Usuario: Gerson
2023-04-21 11:54:45,545 - INFO - Ingreso al módulo de usuarios. Usuario: Gerson
2023-04-21 11:54:45,545 - INFO - Ingreso al módulo de usuarios. Usuario: Gerson
2023-04-21 11:54:45,545 - INFO - Ingreso al módulo de usuarios. Usuario: Gerson
2023-04-21 11:54:45,545 - INFO - Ingreso al módulo de usuarios. Usuario: Gerson
2023-04-21 11:54:45,545 - INFO - Ingreso al módulo de usuarios. Usuario: Gerson
2023-04-21 11:54:45,545 - INFO - Ingreso al módulo de usuarios. Usuario: Gerson
2023-04-21 11:54:45,545 - INFO - Ingreso al módulo de usuarios. Usuario: Gerson
2023-04-21 11:54:45,545 - INFO - Ingreso al módulo de usuarios. Usuario: Gerson
2023-04-21 11:54:45,545 - INFO - Ingreso al módulo de usuarios. Usuario: Gerson
2023-04-21 11:54:45,545 - INFO - Ingreso al módulo de usuarios. Usuario: Gerson
2023-04-21 11:54:45,545 - INFO - Ingreso al módulo de usuarios. Usuario: Gerson
2023-04-21 11:54:45,545 - INFO - Ingreso al módulo de usuarios. Usuario: Gerson
2023-04-21 11:54:53,118 - INFO - Ingreso al módulo de usuarios. Usuario: Gerson
2023-04-21 11:54:53,118 - INFO - Ingreso al módulo de usuarios. Usuario: Gerson
2023-04-21 11:54:53,118 - INFO - Ingreso al módulo de usuarios. Usuario: Gerson
2023-04-21 11:54:53,118 - INFO - Ingreso al módulo de usuarios. Usuario: Gerson
2023-04-21 11:54:53,118 - INFO - Ingreso al módulo de usuarios. Usuario: Gerson
2023-04-21 11:54:53,118 - INFO - Ingreso al módulo de usuarios. Usuario: Gerson
2023-04-21 11:54:53,118 - INFO - Ingreso al módulo de usuarios. Usuario: Gerson
2023-04-21 11:54:53,118 - INFO - Ingreso al módulo de usuarios. Usuario: Gerson
2023-04-21 11:54:53,118 - INFO - Ingreso al módulo de usuarios. Usuario: Gerson
2023-04-21 11:54:53,118 - INFO - Ingreso al módulo de usuarios. Usuario: Gerson
2023-04-21 11:54:53,118 - INFO - Ingreso al módulo de usuarios. Usuario: Gerson
2023-04-21 11:54:53,118 - INFO - Ingreso al módulo de usuarios. Usuario: Gerson
2023-04-21 11:54:53,118 - INFO - Ingreso al módulo de usuarios. Usuario: Gerson
2023-04-21 11:54:53,118 - INFO - Ingreso al módulo de usuarios. Usuario: Gerson
2023-04-21 11:54:53,118 - INFO - Ingreso al módulo de usuarios. Usuario: Gerson
2023-04-21 11:54:53,118 - INFO - Ingreso al módulo de usuarios. Usuario: Gerson
2023-04-21 11:54:53,118 - INFO - Ingreso al módulo de usuarios. Usuario: Gerson
2023-04-21 11:54:53,118 - INFO - Ingreso al módulo de usuarios. Usuario: Gerson
2023-04-21 11:54:53,118 - INFO - Ingreso al módulo de usuarios. Usuario: Gerson
2023-04-21 11:54:53,118 - INFO - Ingreso al módulo de usuarios. Usuario: Gerson
2023-04-21 11:54:53,118 - INFO - Ingreso al módulo de usuarios. Usuario: Gerson
2023-04-21 11:54:53,118 - INFO - Ingreso al módulo de usuarios. Usuario: Gerson
2023-04-21 11:56:02,684 - INFO - Ingreso al módulo de usuarios. Usuario: Gerson
2023-04-21 11:56:02,684 - INFO - Ingreso al módulo de usuarios. Usuario: Gerson
2023-04-21 11:56:02,684 - INFO - Ingreso al módulo de usuarios. Usuario: Gerson
2023-04-21 11:56:02,684 - INFO - Ingreso al módulo de usuarios. Usuario: Gerson
2023-04-21 11:56:02,684 - INFO - Ingreso al módulo de usuarios. Usuario: Gerson
2023-04-21 11:56:02,684 - INFO - Ingreso al módulo de usuarios. Usuario: Gerson
2023-04-21 11:56:02,684 - INFO - Ingreso al módulo de usuarios. Usuario: Gerson
2023-04-21 11:56:02,684 - INFO - Ingreso al módulo de usuarios. Usuario: Gerson
2023-04-21 11:56:02,684 - INFO - Ingreso al módulo de usuarios. Usuario: Gerson
2023-04-21 11:56:02,684 - INFO - Ingreso al módulo de usuarios. Usuario: Gerson
2023-04-21 11:56:02,684 - INFO - Ingreso al módulo de usuarios. Usuario: Gerson
2023-04-21 11:56:02,684 - INFO - Ingreso al módulo de usuarios. Usuario: Gerson
2023-04-21 11:56:02,684 - INFO - Ingreso al módulo de usuarios. Usuario: Gerson
2023-04-21 11:56:02,684 - INFO - Ingreso al módulo de usuarios. Usuario: Gerson
2023-04-21 11:56:02,684 - INFO - Ingreso al módulo de usuarios. Usuario: Gerson
2023-04-21 11:56:02,684 - INFO - Ingreso al módulo de usuarios. Usuario: Gerson
2023-04-21 11:56:02,684 - INFO - Ingreso al módulo de usuarios. Usuario: Gerson
2023-04-21 11:56:02,684 - INFO - Ingreso al módulo de usuarios. Usuario: Gerson
2023-04-21 11:56:02,684 - INFO - Ingreso al módulo de usuarios. Usuario: Gerson
2023-04-21 11:56:02,684 - INFO - Ingreso al módulo de usuarios. Usuario: Gerson
2023-04-21 11:56:02,684 - INFO - Ingreso al módulo de usuarios. Usuario: Gerson
2023-04-21 11:56:02,684 - INFO - Ingreso al módulo de usuarios. Usuario: Gerson
2023-04-21 11:56:02,684 - INFO - Ingreso al módulo de usuarios. Usuario: Gerson
2023-04-21 11:56:30,366 - INFO - Ingreso al módulo de usuarios. Usuario: Gerson
2023-04-21 11:56:30,366 - INFO - Ingreso al módulo de usuarios. Usuario: Gerson
2023-04-21 11:56:30,366 - INFO - Ingreso al módulo de usuarios. Usuario: Gerson
2023-04-21 11:56:30,366 - INFO - Ingreso al módulo de usuarios. Usuario: Gerson
2023-04-21 11:56:30,366 - INFO - Ingreso al módulo de usuarios. Usuario: Gerson
2023-04-21 11:56:30,366 - INFO - Ingreso al módulo de usuarios. Usuario: Gerson
2023-04-21 11:56:30,366 - INFO - Ingreso al módulo de usuarios. Usuario: Gerson
2023-04-21 11:56:30,366 - INFO - Ingreso al módulo de usuarios. Usuario: Gerson
2023-04-21 11:56:30,366 - INFO - Ingreso al módulo de usuarios. Usuario: Gerson
2023-04-21 11:56:30,366 - INFO - Ingreso al módulo de usuarios. Usuario: Gerson
2023-04-21 11:56:30,366 - INFO - Ingreso al módulo de usuarios. Usuario: Gerson
2023-04-21 11:56:30,366 - INFO - Ingreso al módulo de usuarios. Usuario: Gerson
2023-04-21 11:56:30,366 - INFO - Ingreso al módulo de usuarios. Usuario: Gerson
2023-04-21 11:56:30,366 - INFO - Ingreso al módulo de usuarios. Usuario: Gerson
2023-04-21 11:56:30,366 - INFO - Ingreso al módulo de usuarios. Usuario: Gerson
2023-04-21 11:56:30,366 - INFO - Ingreso al módulo de usuarios. Usuario: Gerson
2023-04-21 11:56:30,366 - INFO - Ingreso al módulo de usuarios. Usuario: Gerson
2023-04-21 11:56:30,366 - INFO - Ingreso al módulo de usuarios. Usuario: Gerson
2023-04-21 11:56:30,366 - INFO - Ingreso al módulo de usuarios. Usuario: Gerson
2023-04-21 11:56:30,366 - INFO - Ingreso al módulo de usuarios. Usuario: Gerson
2023-04-21 11:56:30,366 - INFO - Ingreso al módulo de usuarios. Usuario: Gerson
2023-04-21 11:56:30,366 - INFO - Ingreso al módulo de usuarios. Usuario: Gerson
2023-04-21 11:56:30,366 - INFO - Ingreso al módulo de usuarios. Usuario: Gerson
2023-04-21 11:56:30,366 - INFO - Ingreso al módulo de usuarios. Usuario: Gerson
2023-04-21 11:56:42,775 - INFO - Ingreso al módulo de usuarios. Usuario: Gerson
2023-04-21 11:56:42,775 - INFO - Ingreso al módulo de usuarios. Usuario: Gerson
2023-04-21 11:56:42,775 - INFO - Ingreso al módulo de usuarios. Usuario: Gerson
2023-04-21 11:56:42,775 - INFO - Ingreso al módulo de usuarios. Usuario: Gerson
2023-04-21 11:56:42,775 - INFO - Ingreso al módulo de usuarios. Usuario: Gerson
2023-04-21 11:56:42,775 - INFO - Ingreso al módulo de usuarios. Usuario: Gerson
2023-04-21 11:56:42,775 - INFO - Ingreso al módulo de usuarios. Usuario: Gerson
2023-04-21 11:56:42,775 - INFO - Ingreso al módulo de usuarios. Usuario: Gerson
2023-04-21 11:56:42,775 - INFO - Ingreso al módulo de usuarios. Usuario: Gerson
2023-04-21 11:56:42,775 - INFO - Ingreso al módulo de usuarios. Usuario: Gerson
2023-04-21 11:56:42,775 - INFO - Ingreso al módulo de usuarios. Usuario: Gerson
2023-04-21 11:56:42,775 - INFO - Ingreso al módulo de usuarios. Usuario: Gerson
2023-04-21 11:56:42,775 - INFO - Ingreso al módulo de usuarios. Usuario: Gerson
2023-04-21 11:56:42,775 - INFO - Ingreso al módulo de usuarios. Usuario: Gerson
2023-04-21 11:56:42,775 - INFO - Ingreso al módulo de usuarios. Usuario: Gerson
2023-04-21 11:56:42,775 - INFO - Ingreso al módulo de usuarios. Usuario: Gerson
2023-04-21 11:56:42,775 - INFO - Ingreso al módulo de usuarios. Usuario: Gerson
2023-04-21 11:56:42,775 - INFO - Ingreso al módulo de usuarios. Usuario: Gerson
2023-04-21 11:56:42,775 - INFO - Ingreso al módulo de usuarios. Usuario: Gerson
2023-04-21 11:56:42,775 - INFO - Ingreso al módulo de usuarios. Usuario: Gerson
2023-04-21 11:56:42,775 - INFO - Ingreso al módulo de usuarios. Usuario: Gerson
2023-04-21 11:56:42,775 - INFO - Ingreso al módulo de usuarios. Usuario: Gerson
2023-04-21 11:56:42,775 - INFO - Ingreso al módulo de usuarios. Usuario: Gerson
2023-04-21 11:56:42,775 - INFO - Ingreso al módulo de usuarios. Usuario: Gerson
2023-04-21 11:56:42,775 - INFO - Ingreso al módulo de usuarios. Usuario: Gerson
2023-04-21 11:57:30,962 - INFO - Ingreso al módulo de usuarios. Usuario: Gerson
2023-04-21 11:57:30,962 - INFO - Ingreso al módulo de usuarios. Usuario: Gerson
2023-04-21 11:57:30,962 - INFO - Ingreso al módulo de usuarios. Usuario: Gerson
2023-04-21 11:57:30,962 - INFO - Ingreso al módulo de usuarios. Usuario: Gerson
2023-04-21 11:57:30,962 - INFO - Ingreso al módulo de usuarios. Usuario: Gerson
2023-04-21 11:57:30,962 - INFO - Ingreso al módulo de usuarios. Usuario: Gerson
2023-04-21 11:57:30,962 - INFO - Ingreso al módulo de usuarios. Usuario: Gerson
2023-04-21 11:57:30,962 - INFO - Ingreso al módulo de usuarios. Usuario: Gerson
2023-04-21 11:57:30,962 - INFO - Ingreso al módulo de usuarios. Usuario: Gerson
2023-04-21 11:57:30,962 - INFO - Ingreso al módulo de usuarios. Usuario: Gerson
2023-04-21 11:57:30,962 - INFO - Ingreso al módulo de usuarios. Usuario: Gerson
2023-04-21 11:57:30,962 - INFO - Ingreso al módulo de usuarios. Usuario: Gerson
2023-04-21 11:57:30,962 - INFO - Ingreso al módulo de usuarios. Usuario: Gerson
2023-04-21 11:57:30,962 - INFO - Ingreso al módulo de usuarios. Usuario: Gerson
2023-04-21 11:57:30,962 - INFO - Ingreso al módulo de usuarios. Usuario: Gerson
2023-04-21 11:57:30,962 - INFO - Ingreso al módulo de usuarios. Usuario: Gerson
2023-04-21 11:57:30,962 - INFO - Ingreso al módulo de usuarios. Usuario: Gerson
2023-04-21 11:57:30,962 - INFO - Ingreso al módulo de usuarios. Usuario: Gerson
2023-04-21 11:57:30,962 - INFO - Ingreso al módulo de usuarios. Usuario: Gerson
2023-04-21 11:57:30,962 - INFO - Ingreso al módulo de usuarios. Usuario: Gerson
2023-04-21 11:57:30,962 - INFO - Ingreso al módulo de usuarios. Usuario: Gerson
2023-04-21 11:57:30,962 - INFO - Ingreso al módulo de usuarios. Usuario: Gerson
2023-04-21 11:57:30,962 - INFO - Ingreso al módulo de usuarios. Usuario: Gerson
2023-04-21 11:57:30,962 - INFO - Ingreso al módulo de usuarios. Usuario: Gerson
2023-04-21 11:57:30,962 - INFO - Ingreso al módulo de usuarios. Usuario: Gerson
2023-04-21 11:57:30,962 - INFO - Ingreso al módulo de usuarios. Usuario: Gerson
2023-04-21 12:04:43,283 - INFO - Ingreso al módulo de usuarios. Usuario: Gerson
2023-04-21 12:04:43,283 - INFO - Ingreso al módulo de usuarios. Usuario: Gerson
2023-04-21 12:04:43,283 - INFO - Ingreso al módulo de usuarios. Usuario: Gerson
2023-04-21 12:04:43,283 - INFO - Ingreso al módulo de usuarios. Usuario: Gerson
2023-04-21 12:04:43,283 - INFO - Ingreso al módulo de usuarios. Usuario: Gerson
2023-04-21 12:04:43,283 - INFO - Ingreso al módulo de usuarios. Usuario: Gerson
2023-04-21 12:04:43,283 - INFO - Ingreso al módulo de usuarios. Usuario: Gerson
2023-04-21 12:04:43,283 - INFO - Ingreso al módulo de usuarios. Usuario: Gerson
2023-04-21 12:04:43,283 - INFO - Ingreso al módulo de usuarios. Usuario: Gerson
2023-04-21 12:04:43,283 - INFO - Ingreso al módulo de usuarios. Usuario: Gerson
2023-04-21 12:04:43,283 - INFO - Ingreso al módulo de usuarios. Usuario: Gerson
2023-04-21 12:04:43,283 - INFO - Ingreso al módulo de usuarios. Usuario: Gerson
2023-04-21 12:04:43,283 - INFO - Ingreso al módulo de usuarios. Usuario: Gerson
2023-04-21 12:04:43,283 - INFO - Ingreso al módulo de usuarios. Usuario: Gerson
2023-04-21 12:04:43,283 - INFO - Ingreso al módulo de usuarios. Usuario: Gerson
2023-04-21 12:04:43,283 - INFO - Ingreso al módulo de usuarios. Usuario: Gerson
2023-04-21 12:04:43,283 - INFO - Ingreso al módulo de usuarios. Usuario: Gerson
2023-04-21 12:04:43,283 - INFO - Ingreso al módulo de usuarios. Usuario: Gerson
2023-04-21 12:04:43,283 - INFO - Ingreso al módulo de usuarios. Usuario: Gerson
2023-04-21 12:04:43,283 - INFO - Ingreso al módulo de usuarios. Usuario: Gerson
2023-04-21 12:04:43,283 - INFO - Ingreso al módulo de usuarios. Usuario: Gerson
2023-04-21 12:04:43,283 - INFO - Ingreso al módulo de usuarios. Usuario: Gerson
2023-04-21 12:04:43,283 - INFO - Ingreso al módulo de usuarios. Usuario: Gerson
2023-04-21 12:04:43,283 - INFO - Ingreso al módulo de usuarios. Usuario: Gerson
2023-04-21 12:04:43,283 - INFO - Ingreso al módulo de usuarios. Usuario: Gerson
2023-04-21 12:04:43,283 - INFO - Ingreso al módulo de usuarios. Usuario: Gerson
2023-04-21 12:04:43,283 - INFO - Ingreso al módulo de usuarios. Usuario: Gerson
2023-04-21 12:04:55,124 - INFO - Ingreso al módulo de usuarios. Usuario: Gerson
2023-04-21 12:04:55,124 - INFO - Ingreso al módulo de usuarios. Usuario: Gerson
2023-04-21 12:04:55,124 - INFO - Ingreso al módulo de usuarios. Usuario: Gerson
2023-04-21 12:04:55,124 - INFO - Ingreso al módulo de usuarios. Usuario: Gerson
2023-04-21 12:04:55,124 - INFO - Ingreso al módulo de usuarios. Usuario: Gerson
2023-04-21 12:04:55,124 - INFO - Ingreso al módulo de usuarios. Usuario: Gerson
2023-04-21 12:04:55,124 - INFO - Ingreso al módulo de usuarios. Usuario: Gerson
2023-04-21 12:04:55,124 - INFO - Ingreso al módulo de usuarios. Usuario: Gerson
2023-04-21 12:04:55,124 - INFO - Ingreso al módulo de usuarios. Usuario: Gerson
2023-04-21 12:04:55,124 - INFO - Ingreso al módulo de usuarios. Usuario: Gerson
2023-04-21 12:04:55,124 - INFO - Ingreso al módulo de usuarios. Usuario: Gerson
2023-04-21 12:04:55,124 - INFO - Ingreso al módulo de usuarios. Usuario: Gerson
2023-04-21 12:04:55,124 - INFO - Ingreso al módulo de usuarios. Usuario: Gerson
2023-04-21 12:04:55,124 - INFO - Ingreso al módulo de usuarios. Usuario: Gerson
2023-04-21 12:04:55,124 - INFO - Ingreso al módulo de usuarios. Usuario: Gerson
2023-04-21 12:04:55,124 - INFO - Ingreso al módulo de usuarios. Usuario: Gerson
2023-04-21 12:04:55,124 - INFO - Ingreso al módulo de usuarios. Usuario: Gerson
2023-04-21 12:04:55,124 - INFO - Ingreso al módulo de usuarios. Usuario: Gerson
2023-04-21 12:04:55,124 - INFO - Ingreso al módulo de usuarios. Usuario: Gerson
2023-04-21 12:04:55,124 - INFO - Ingreso al módulo de usuarios. Usuario: Gerson
2023-04-21 12:04:55,124 - INFO - Ingreso al módulo de usuarios. Usuario: Gerson
2023-04-21 12:04:55,124 - INFO - Ingreso al módulo de usuarios. Usuario: Gerson
2023-04-21 12:04:55,124 - INFO - Ingreso al módulo de usuarios. Usuario: Gerson
2023-04-21 12:04:55,124 - INFO - Ingreso al módulo de usuarios. Usuario: Gerson
2023-04-21 12:04:55,124 - INFO - Ingreso al módulo de usuarios. Usuario: Gerson
2023-04-21 12:04:55,124 - INFO - Ingreso al módulo de usuarios. Usuario: Gerson
2023-04-21 12:04:55,124 - INFO - Ingreso al módulo de usuarios. Usuario: Gerson
2023-04-21 12:04:55,124 - INFO - Ingreso al módulo de usuarios. Usuario: Gerson
2023-04-21 12:05:08,796 - INFO - Ingreso al módulo de usuarios. Usuario: Gerson
2023-04-21 12:05:08,796 - INFO - Ingreso al módulo de usuarios. Usuario: Gerson
2023-04-21 12:05:08,796 - INFO - Ingreso al módulo de usuarios. Usuario: Gerson
2023-04-21 12:05:08,796 - INFO - Ingreso al módulo de usuarios. Usuario: Gerson
2023-04-21 12:05:08,796 - INFO - Ingreso al módulo de usuarios. Usuario: Gerson
2023-04-21 12:05:08,796 - INFO - Ingreso al módulo de usuarios. Usuario: Gerson
2023-04-21 12:05:08,796 - INFO - Ingreso al módulo de usuarios. Usuario: Gerson
2023-04-21 12:05:08,796 - INFO - Ingreso al módulo de usuarios. Usuario: Gerson
2023-04-21 12:05:08,796 - INFO - Ingreso al módulo de usuarios. Usuario: Gerson
2023-04-21 12:05:08,796 - INFO - Ingreso al módulo de usuarios. Usuario: Gerson
2023-04-21 12:05:08,796 - INFO - Ingreso al módulo de usuarios. Usuario: Gerson
2023-04-21 12:05:08,796 - INFO - Ingreso al módulo de usuarios. Usuario: Gerson
2023-04-21 12:05:08,796 - INFO - Ingreso al módulo de usuarios. Usuario: Gerson
2023-04-21 12:05:08,796 - INFO - Ingreso al módulo de usuarios. Usuario: Gerson
2023-04-21 12:05:08,796 - INFO - Ingreso al módulo de usuarios. Usuario: Gerson
2023-04-21 12:05:08,796 - INFO - Ingreso al módulo de usuarios. Usuario: Gerson
2023-04-21 12:05:08,796 - INFO - Ingreso al módulo de usuarios. Usuario: Gerson
2023-04-21 12:05:08,796 - INFO - Ingreso al módulo de usuarios. Usuario: Gerson
2023-04-21 12:05:08,796 - INFO - Ingreso al módulo de usuarios. Usuario: Gerson
2023-04-21 12:05:08,796 - INFO - Ingreso al módulo de usuarios. Usuario: Gerson
2023-04-21 12:05:08,796 - INFO - Ingreso al módulo de usuarios. Usuario: Gerson
2023-04-21 12:05:08,796 - INFO - Ingreso al módulo de usuarios. Usuario: Gerson
2023-04-21 12:05:08,796 - INFO - Ingreso al módulo de usuarios. Usuario: Gerson
2023-04-21 12:05:08,796 - INFO - Ingreso al módulo de usuarios. Usuario: Gerson
2023-04-21 12:05:08,796 - INFO - Ingreso al módulo de usuarios. Usuario: Gerson
2023-04-21 12:05:08,796 - INFO - Ingreso al módulo de usuarios. Usuario: Gerson
2023-04-21 12:05:08,796 - INFO - Ingreso al módulo de usuarios. Usuario: Gerson
2023-04-21 12:05:08,796 - INFO - Ingreso al módulo de usuarios. Usuario: Gerson
2023-04-21 12:05:08,796 - INFO - Ingreso al módulo de usuarios. Usuario: Gerson
2023-04-21 12:05:28,323 - INFO - Ingreso al módulo de usuarios. Usuario: Gerson
2023-04-21 12:05:28,323 - INFO - Ingreso al módulo de usuarios. Usuario: Gerson
2023-04-21 12:05:28,323 - INFO - Ingreso al módulo de usuarios. Usuario: Gerson
2023-04-21 12:05:28,323 - INFO - Ingreso al módulo de usuarios. Usuario: Gerson
2023-04-21 12:05:28,323 - INFO - Ingreso al módulo de usuarios. Usuario: Gerson
2023-04-21 12:05:28,323 - INFO - Ingreso al módulo de usuarios. Usuario: Gerson
2023-04-21 12:05:28,323 - INFO - Ingreso al módulo de usuarios. Usuario: Gerson
2023-04-21 12:05:28,323 - INFO - Ingreso al módulo de usuarios. Usuario: Gerson
2023-04-21 12:05:28,323 - INFO - Ingreso al módulo de usuarios. Usuario: Gerson
2023-04-21 12:05:28,323 - INFO - Ingreso al módulo de usuarios. Usuario: Gerson
2023-04-21 12:05:28,323 - INFO - Ingreso al módulo de usuarios. Usuario: Gerson
2023-04-21 12:05:28,323 - INFO - Ingreso al módulo de usuarios. Usuario: Gerson
2023-04-21 12:05:28,323 - INFO - Ingreso al módulo de usuarios. Usuario: Gerson
2023-04-21 12:05:28,323 - INFO - Ingreso al módulo de usuarios. Usuario: Gerson
2023-04-21 12:05:28,323 - INFO - Ingreso al módulo de usuarios. Usuario: Gerson
2023-04-21 12:05:28,323 - INFO - Ingreso al módulo de usuarios. Usuario: Gerson
2023-04-21 12:05:28,323 - INFO - Ingreso al módulo de usuarios. Usuario: Gerson
2023-04-21 12:05:28,323 - INFO - Ingreso al módulo de usuarios. Usuario: Gerson
2023-04-21 12:05:28,323 - INFO - Ingreso al módulo de usuarios. Usuario: Gerson
2023-04-21 12:05:28,323 - INFO - Ingreso al módulo de usuarios. Usuario: Gerson
2023-04-21 12:05:28,323 - INFO - Ingreso al módulo de usuarios. Usuario: Gerson
2023-04-21 12:05:28,323 - INFO - Ingreso al módulo de usuarios. Usuario: Gerson
2023-04-21 12:05:28,323 - INFO - Ingreso al módulo de usuarios. Usuario: Gerson
2023-04-21 12:05:28,323 - INFO - Ingreso al módulo de usuarios. Usuario: Gerson
2023-04-21 12:05:28,323 - INFO - Ingreso al módulo de usuarios. Usuario: Gerson
2023-04-21 12:05:28,323 - INFO - Ingreso al módulo de usuarios. Usuario: Gerson
2023-04-21 12:05:28,323 - INFO - Ingreso al módulo de usuarios. Usuario: Gerson
2023-04-21 12:05:28,323 - INFO - Ingreso al módulo de usuarios. Usuario: Gerson
2023-04-21 12:05:28,323 - INFO - Ingreso al módulo de usuarios. Usuario: Gerson
2023-04-21 12:05:28,323 - INFO - Ingreso al módulo de usuarios. Usuario: Gerson
2023-04-21 12:05:47,236 - INFO - Ingreso al módulo de usuarios. Usuario: Gerson
2023-04-21 12:05:47,236 - INFO - Ingreso al módulo de usuarios. Usuario: Gerson
2023-04-21 12:05:47,236 - INFO - Ingreso al módulo de usuarios. Usuario: Gerson
2023-04-21 12:05:47,236 - INFO - Ingreso al módulo de usuarios. Usuario: Gerson
2023-04-21 12:05:47,236 - INFO - Ingreso al módulo de usuarios. Usuario: Gerson
2023-04-21 12:05:47,236 - INFO - Ingreso al módulo de usuarios. Usuario: Gerson
2023-04-21 12:05:47,236 - INFO - Ingreso al módulo de usuarios. Usuario: Gerson
2023-04-21 12:05:47,236 - INFO - Ingreso al módulo de usuarios. Usuario: Gerson
2023-04-21 12:05:47,236 - INFO - Ingreso al módulo de usuarios. Usuario: Gerson
2023-04-21 12:05:47,236 - INFO - Ingreso al módulo de usuarios. Usuario: Gerson
2023-04-21 12:05:47,236 - INFO - Ingreso al módulo de usuarios. Usuario: Gerson
2023-04-21 12:05:47,236 - INFO - Ingreso al módulo de usuarios. Usuario: Gerson
2023-04-21 12:05:47,236 - INFO - Ingreso al módulo de usuarios. Usuario: Gerson
2023-04-21 12:05:47,236 - INFO - Ingreso al módulo de usuarios. Usuario: Gerson
2023-04-21 12:05:47,236 - INFO - Ingreso al módulo de usuarios. Usuario: Gerson
2023-04-21 12:05:47,236 - INFO - Ingreso al módulo de usuarios. Usuario: Gerson
2023-04-21 12:05:47,236 - INFO - Ingreso al módulo de usuarios. Usuario: Gerson
2023-04-21 12:05:47,236 - INFO - Ingreso al módulo de usuarios. Usuario: Gerson
2023-04-21 12:05:47,236 - INFO - Ingreso al módulo de usuarios. Usuario: Gerson
2023-04-21 12:05:47,236 - INFO - Ingreso al módulo de usuarios. Usuario: Gerson
2023-04-21 12:05:47,236 - INFO - Ingreso al módulo de usuarios. Usuario: Gerson
2023-04-21 12:05:47,236 - INFO - Ingreso al módulo de usuarios. Usuario: Gerson
2023-04-21 12:05:47,236 - INFO - Ingreso al módulo de usuarios. Usuario: Gerson
2023-04-21 12:05:47,236 - INFO - Ingreso al módulo de usuarios. Usuario: Gerson
2023-04-21 12:05:47,236 - INFO - Ingreso al módulo de usuarios. Usuario: Gerson
2023-04-21 12:05:47,236 - INFO - Ingreso al módulo de usuarios. Usuario: Gerson
2023-04-21 12:05:47,236 - INFO - Ingreso al módulo de usuarios. Usuario: Gerson
2023-04-21 12:05:47,236 - INFO - Ingreso al módulo de usuarios. Usuario: Gerson
2023-04-21 12:05:47,236 - INFO - Ingreso al módulo de usuarios. Usuario: Gerson
2023-04-21 12:05:47,236 - INFO - Ingreso al módulo de usuarios. Usuario: Gerson
2023-04-21 12:05:47,236 - INFO - Ingreso al módulo de usuarios. Usuario: Gerson
2023-04-21 12:07:39,157 - INFO - Ingreso al módulo de usuarios. Usuario: Gerson
2023-04-21 12:07:39,157 - INFO - Ingreso al módulo de usuarios. Usuario: Gerson
2023-04-21 12:07:39,157 - INFO - Ingreso al módulo de usuarios. Usuario: Gerson
2023-04-21 12:07:39,157 - INFO - Ingreso al módulo de usuarios. Usuario: Gerson
2023-04-21 12:07:39,157 - INFO - Ingreso al módulo de usuarios. Usuario: Gerson
2023-04-21 12:07:39,157 - INFO - Ingreso al módulo de usuarios. Usuario: Gerson
2023-04-21 12:07:39,157 - INFO - Ingreso al módulo de usuarios. Usuario: Gerson
2023-04-21 12:07:39,157 - INFO - Ingreso al módulo de usuarios. Usuario: Gerson
2023-04-21 12:07:39,157 - INFO - Ingreso al módulo de usuarios. Usuario: Gerson
2023-04-21 12:07:39,157 - INFO - Ingreso al módulo de usuarios. Usuario: Gerson
2023-04-21 12:07:39,157 - INFO - Ingreso al módulo de usuarios. Usuario: Gerson
2023-04-21 12:07:39,157 - INFO - Ingreso al módulo de usuarios. Usuario: Gerson
2023-04-21 12:07:39,157 - INFO - Ingreso al módulo de usuarios. Usuario: Gerson
2023-04-21 12:07:39,157 - INFO - Ingreso al módulo de usuarios. Usuario: Gerson
2023-04-21 12:07:39,157 - INFO - Ingreso al módulo de usuarios. Usuario: Gerson
2023-04-21 12:07:39,157 - INFO - Ingreso al módulo de usuarios. Usuario: Gerson
2023-04-21 12:07:39,157 - INFO - Ingreso al módulo de usuarios. Usuario: Gerson
2023-04-21 12:07:39,157 - INFO - Ingreso al módulo de usuarios. Usuario: Gerson
2023-04-21 12:07:39,157 - INFO - Ingreso al módulo de usuarios. Usuario: Gerson
2023-04-21 12:07:39,157 - INFO - Ingreso al módulo de usuarios. Usuario: Gerson
2023-04-21 12:07:39,157 - INFO - Ingreso al módulo de usuarios. Usuario: Gerson
2023-04-21 12:07:39,157 - INFO - Ingreso al módulo de usuarios. Usuario: Gerson
2023-04-21 12:07:39,157 - INFO - Ingreso al módulo de usuarios. Usuario: Gerson
2023-04-21 12:07:39,157 - INFO - Ingreso al módulo de usuarios. Usuario: Gerson
2023-04-21 12:07:39,157 - INFO - Ingreso al módulo de usuarios. Usuario: Gerson
2023-04-21 12:07:39,157 - INFO - Ingreso al módulo de usuarios. Usuario: Gerson
2023-04-21 12:07:39,157 - INFO - Ingreso al módulo de usuarios. Usuario: Gerson
2023-04-21 12:07:39,157 - INFO - Ingreso al módulo de usuarios. Usuario: Gerson
2023-04-21 12:07:39,157 - INFO - Ingreso al módulo de usuarios. Usuario: Gerson
2023-04-21 12:07:39,157 - INFO - Ingreso al módulo de usuarios. Usuario: Gerson
2023-04-21 12:07:39,157 - INFO - Ingreso al módulo de usuarios. Usuario: Gerson
2023-04-21 12:07:39,157 - INFO - Ingreso al módulo de usuarios. Usuario: Gerson
2023-04-21 12:09:14,518 - INFO - Se inició la aplicación
2023-04-21 12:09:23,781 - INFO - Se inició la aplicación
2023-04-21 12:09:28,317 - INFO - Se inició la aplicación
2023-04-21 12:09:43,942 - INFO - Se inició la aplicación
2023-04-21 12:14:25,787 - INFO - Inicio sesion el usuario Gerson
2023-04-21 12:14:25,787 - INFO - Inicio sesion el usuario Gerson
2023-04-21 12:14:27,032 - INFO - Ingreso al módulo de usuarios. Usuario: Gerson
2023-04-21 12:14:27,032 - INFO - Ingreso al módulo de usuarios. Usuario: Gerson
2023-04-21 12:14:27,032 - INFO - Ingreso al módulo de usuarios. Usuario: Gerson
2023-04-21 12:14:43,095 - INFO - Ingreso al módulo de usuarios. Usuario: Gerson
2023-04-21 12:14:43,095 - INFO - Ingreso al módulo de usuarios. Usuario: Gerson
2023-04-21 12:14:43,095 - INFO - Ingreso al módulo de usuarios. Usuario: Gerson
2023-04-21 12:14:43,095 - INFO - Ingreso al módulo de usuarios. Usuario: Gerson
2023-04-21 12:15:18,254 - INFO - Ingreso al módulo de usuarios. Usuario: Gerson
2023-04-21 12:15:18,254 - INFO - Ingreso al módulo de usuarios. Usuario: Gerson
2023-04-21 12:15:18,254 - INFO - Ingreso al módulo de usuarios. Usuario: Gerson
2023-04-21 12:15:18,254 - INFO - Ingreso al módulo de usuarios. Usuario: Gerson
2023-04-21 12:15:18,254 - INFO - Ingreso al módulo de usuarios. Usuario: Gerson
2023-04-21 12:17:44,364 - INFO - Ingreso al módulo de usuarios. Usuario: Gerson
2023-04-21 12:17:44,364 - INFO - Ingreso al módulo de usuarios. Usuario: Gerson
2023-04-21 12:17:44,364 - INFO - Ingreso al módulo de usuarios. Usuario: Gerson
2023-04-21 12:17:44,364 - INFO - Ingreso al módulo de usuarios. Usuario: Gerson
2023-04-21 12:17:44,364 - INFO - Ingreso al módulo de usuarios. Usuario: Gerson
2023-04-21 12:17:44,364 - INFO - Ingreso al módulo de usuarios. Usuario: Gerson
2023-04-21 12:18:28,105 - INFO - Ingreso al módulo de usuarios. Usuario: Gerson
2023-04-21 12:18:28,105 - INFO - Ingreso al módulo de usuarios. Usuario: Gerson
2023-04-21 12:18:28,105 - INFO - Ingreso al módulo de usuarios. Usuario: Gerson
2023-04-21 12:18:28,105 - INFO - Ingreso al módulo de usuarios. Usuario: Gerson
2023-04-21 12:18:28,105 - INFO - Ingreso al módulo de usuarios. Usuario: Gerson
2023-04-21 12:18:28,105 - INFO - Ingreso al módulo de usuarios. Usuario: Gerson
2023-04-21 12:18:28,105 - INFO - Ingreso al módulo de usuarios. Usuario: Gerson
2023-04-21 12:18:36,748 - INFO - Ingreso al módulo de usuarios. Usuario: Gerson
2023-04-21 12:18:36,748 - INFO - Ingreso al módulo de usuarios. Usuario: Gerson
2023-04-21 12:18:36,748 - INFO - Ingreso al módulo de usuarios. Usuario: Gerson
2023-04-21 12:18:36,748 - INFO - Ingreso al módulo de usuarios. Usuario: Gerson
2023-04-21 12:18:36,748 - INFO - Ingreso al módulo de usuarios. Usuario: Gerson
2023-04-21 12:18:36,748 - INFO - Ingreso al módulo de usuarios. Usuario: Gerson
2023-04-21 12:18:36,748 - INFO - Ingreso al módulo de usuarios. Usuario: Gerson
2023-04-21 12:18:36,748 - INFO - Ingreso al módulo de usuarios. Usuario: Gerson
2023-04-21 12:18:55,819 - INFO - Ingreso al módulo de usuarios. Usuario: Gerson
2023-04-21 12:18:55,819 - INFO - Ingreso al módulo de usuarios. Usuario: Gerson
2023-04-21 12:18:55,819 - INFO - Ingreso al módulo de usuarios. Usuario: Gerson
2023-04-21 12:18:55,819 - INFO - Ingreso al módulo de usuarios. Usuario: Gerson
2023-04-21 12:18:55,819 - INFO - Ingreso al módulo de usuarios. Usuario: Gerson
2023-04-21 12:18:55,819 - INFO - Ingreso al módulo de usuarios. Usuario: Gerson
2023-04-21 12:18:55,819 - INFO - Ingreso al módulo de usuarios. Usuario: Gerson
2023-04-21 12:18:55,819 - INFO - Ingreso al módulo de usuarios. Usuario: Gerson
2023-04-21 12:18:55,819 - INFO - Ingreso al módulo de usuarios. Usuario: Gerson
2023-04-21 12:21:25,744 - INFO - Sesión finalizada por el usuario Gerson
2023-04-21 12:21:25,744 - INFO - Sesión finalizada por el usuario Gerson
2023-04-21 12:21:25,744 - INFO - Sesión finalizada por el usuario Gerson
2023-04-21 12:21:25,744 - INFO - Sesión finalizada por el usuario Gerson
2023-04-21 12:21:25,744 - INFO - Sesión finalizada por el usuario Gerson
2023-04-21 12:21:25,744 - INFO - Sesión finalizada por el usuario Gerson
2023-04-21 12:21:25,744 - INFO - Sesión finalizada por el usuario Gerson
2023-04-21 12:21:25,744 - INFO - Sesión finalizada por el usuario Gerson
2023-04-21 12:21:25,744 - INFO - Sesión finalizada por el usuario Gerson
2023-04-21 12:21:25,744 - INFO - Sesión finalizada por el usuario Gerson
2023-04-21 12:21:41,738 - INFO - Inicio sesion el usuario Marlene
2023-04-21 12:21:41,738 - INFO - Inicio sesion el usuario Marlene
2023-04-21 12:21:41,738 - INFO - Inicio sesion el usuario Marlene
2023-04-21 12:21:41,738 - INFO - Inicio sesion el usuario Marlene
2023-04-21 12:21:41,738 - INFO - Inicio sesion el usuario Marlene
2023-04-21 12:21:41,738 - INFO - Inicio sesion el usuario Marlene
2023-04-21 12:21:41,738 - INFO - Inicio sesion el usuario Marlene
2023-04-21 12:21:41,738 - INFO - Inicio sesion el usuario Marlene
2023-04-21 12:21:41,738 - INFO - Inicio sesion el usuario Marlene
2023-04-21 12:21:41,738 - INFO - Inicio sesion el usuario Marlene
2023-04-21 12:21:41,738 - INFO - Inicio sesion el usuario Marlene
2023-04-21 12:23:35,248 - INFO - El cliente Marlene ha solicitado un pedido con ID: <built-in function id>
2023-04-21 12:23:35,248 - INFO - El cliente Marlene ha solicitado un pedido con ID: <built-in function id>
2023-04-21 12:23:35,248 - INFO - El cliente Marlene ha solicitado un pedido con ID: <built-in function id>
2023-04-21 12:23:35,248 - INFO - El cliente Marlene ha solicitado un pedido con ID: <built-in function id>
2023-04-21 12:23:35,248 - INFO - El cliente Marlene ha solicitado un pedido con ID: <built-in function id>
2023-04-21 12:23:35,248 - INFO - El cliente Marlene ha solicitado un pedido con ID: <built-in function id>
2023-04-21 12:23:35,248 - INFO - El cliente Marlene ha solicitado un pedido con ID: <built-in function id>
2023-04-21 12:23:35,248 - INFO - El cliente Marlene ha solicitado un pedido con ID: <built-in function id>
2023-04-21 12:23:35,248 - INFO - El cliente Marlene ha solicitado un pedido con ID: <built-in function id>
2023-04-21 12:23:35,248 - INFO - El cliente Marlene ha solicitado un pedido con ID: <built-in function id>
2023-04-21 12:23:35,248 - INFO - El cliente Marlene ha solicitado un pedido con ID: <built-in function id>
2023-04-21 12:58:09,477 - INFO - Sesión finalizada por el usuario Marlene
2023-04-21 12:58:09,477 - INFO - Sesión finalizada por el usuario Marlene
2023-04-21 12:58:09,477 - INFO - Sesión finalizada por el usuario Marlene
2023-04-21 12:58:09,477 - INFO - Sesión finalizada por el usuario Marlene
2023-04-21 12:58:09,477 - INFO - Sesión finalizada por el usuario Marlene
2023-04-21 12:58:09,477 - INFO - Sesión finalizada por el usuario Marlene
2023-04-21 12:58:09,477 - INFO - Sesión finalizada por el usuario Marlene
2023-04-21 12:58:09,477 - INFO - Sesión finalizada por el usuario Marlene
2023-04-21 12:58:09,477 - INFO - Sesión finalizada por el usuario Marlene
2023-04-21 12:58:09,477 - INFO - Sesión finalizada por el usuario Marlene
2023-04-21 12:58:09,477 - INFO - Sesión finalizada por el usuario Marlene
2023-04-21 12:58:09,477 - INFO - Sesión finalizada por el usuario Marlene
2023-04-21 12:58:14,784 - INFO - Inicio sesion el usuario Gerson
2023-04-21 12:58:14,784 - INFO - Inicio sesion el usuario Gerson
2023-04-21 12:58:14,784 - INFO - Inicio sesion el usuario Gerson
2023-04-21 12:58:14,784 - INFO - Inicio sesion el usuario Gerson
2023-04-21 12:58:14,784 - INFO - Inicio sesion el usuario Gerson
2023-04-21 12:58:14,784 - INFO - Inicio sesion el usuario Gerson
2023-04-21 12:58:14,784 - INFO - Inicio sesion el usuario Gerson
2023-04-21 12:58:14,784 - INFO - Inicio sesion el usuario Gerson
2023-04-21 12:58:14,784 - INFO - Inicio sesion el usuario Gerson
2023-04-21 12:58:14,784 - INFO - Inicio sesion el usuario Gerson
2023-04-21 12:58:14,784 - INFO - Inicio sesion el usuario Gerson
2023-04-21 12:58:14,784 - INFO - Inicio sesion el usuario Gerson
2023-04-21 12:58:14,784 - INFO - Inicio sesion el usuario Gerson
2023-04-21 12:58:30,796 - INFO - El usuario Gerson actualizó el arreglo RAMO DE GIRASOL
2023-04-21 12:58:30,796 - INFO - El usuario Gerson actualizó el arreglo RAMO DE GIRASOL
2023-04-21 12:58:30,796 - INFO - El usuario Gerson actualizó el arreglo RAMO DE GIRASOL
2023-04-21 12:58:30,796 - INFO - El usuario Gerson actualizó el arreglo RAMO DE GIRASOL
2023-04-21 12:58:30,796 - INFO - El usuario Gerson actualizó el arreglo RAMO DE GIRASOL
2023-04-21 12:58:30,796 - INFO - El usuario Gerson actualizó el arreglo RAMO DE GIRASOL
2023-04-21 12:58:30,796 - INFO - El usuario Gerson actualizó el arreglo RAMO DE GIRASOL
2023-04-21 12:58:30,796 - INFO - El usuario Gerson actualizó el arreglo RAMO DE GIRASOL
2023-04-21 12:58:30,796 - INFO - El usuario Gerson actualizó el arreglo RAMO DE GIRASOL
2023-04-21 12:58:30,796 - INFO - El usuario Gerson actualizó el arreglo RAMO DE GIRASOL
2023-04-21 12:58:30,796 - INFO - El usuario Gerson actualizó el arreglo RAMO DE GIRASOL
2023-04-21 12:58:30,796 - INFO - El usuario Gerson actualizó el arreglo RAMO DE GIRASOL
2023-04-21 12:58:30,796 - INFO - El usuario Gerson actualizó el arreglo RAMO DE GIRASOL
2023-04-21 12:58:30,796 - INFO - El usuario Gerson actualizó el arreglo RAMO DE GIRASOL
2023-04-21 12:58:36,726 - INFO - El usuario Gerson actualizó el arreglo RAMO DE TULIPANES
2023-04-21 12:58:36,726 - INFO - El usuario Gerson actualizó el arreglo RAMO DE TULIPANES
2023-04-21 12:58:36,726 - INFO - El usuario Gerson actualizó el arreglo RAMO DE TULIPANES
2023-04-21 12:58:36,726 - INFO - El usuario Gerson actualizó el arreglo RAMO DE TULIPANES
2023-04-21 12:58:36,726 - INFO - El usuario Gerson actualizó el arreglo RAMO DE TULIPANES
2023-04-21 12:58:36,726 - INFO - El usuario Gerson actualizó el arreglo RAMO DE TULIPANES
2023-04-21 12:58:36,726 - INFO - El usuario Gerson actualizó el arreglo RAMO DE TULIPANES
2023-04-21 12:58:36,726 - INFO - El usuario Gerson actualizó el arreglo RAMO DE TULIPANES
2023-04-21 12:58:36,726 - INFO - El usuario Gerson actualizó el arreglo RAMO DE TULIPANES
2023-04-21 12:58:36,726 - INFO - El usuario Gerson actualizó el arreglo RAMO DE TULIPANES
2023-04-21 12:58:36,726 - INFO - El usuario Gerson actualizó el arreglo RAMO DE TULIPANES
2023-04-21 12:58:36,726 - INFO - El usuario Gerson actualizó el arreglo RAMO DE TULIPANES
2023-04-21 12:58:36,726 - INFO - El usuario Gerson actualizó el arreglo RAMO DE TULIPANES
2023-04-21 12:58:36,726 - INFO - El usuario Gerson actualizó el arreglo RAMO DE TULIPANES
2023-04-21 12:58:36,726 - INFO - El usuario Gerson actualizó el arreglo RAMO DE TULIPANES
2023-04-21 12:58:42,359 - INFO - El usuario Gerson actualizó el arreglo ARREGLO DE MESA PARA XV AÑOS
2023-04-21 12:58:42,359 - INFO - El usuario Gerson actualizó el arreglo ARREGLO DE MESA PARA XV AÑOS
2023-04-21 12:58:42,359 - INFO - El usuario Gerson actualizó el arreglo ARREGLO DE MESA PARA XV AÑOS
2023-04-21 12:58:42,359 - INFO - El usuario Gerson actualizó el arreglo ARREGLO DE MESA PARA XV AÑOS
2023-04-21 12:58:42,359 - INFO - El usuario Gerson actualizó el arreglo ARREGLO DE MESA PARA XV AÑOS
2023-04-21 12:58:42,359 - INFO - El usuario Gerson actualizó el arreglo ARREGLO DE MESA PARA XV AÑOS
2023-04-21 12:58:42,359 - INFO - El usuario Gerson actualizó el arreglo ARREGLO DE MESA PARA XV AÑOS
2023-04-21 12:58:42,359 - INFO - El usuario Gerson actualizó el arreglo ARREGLO DE MESA PARA XV AÑOS
2023-04-21 12:58:42,359 - INFO - El usuario Gerson actualizó el arreglo ARREGLO DE MESA PARA XV AÑOS
2023-04-21 12:58:42,359 - INFO - El usuario Gerson actualizó el arreglo ARREGLO DE MESA PARA XV AÑOS
2023-04-21 12:58:42,359 - INFO - El usuario Gerson actualizó el arreglo ARREGLO DE MESA PARA XV AÑOS
2023-04-21 12:58:42,359 - INFO - El usuario Gerson actualizó el arreglo ARREGLO DE MESA PARA XV AÑOS
2023-04-21 12:58:42,359 - INFO - El usuario Gerson actualizó el arreglo ARREGLO DE MESA PARA XV AÑOS
2023-04-21 12:58:42,359 - INFO - El usuario Gerson actualizó el arreglo ARREGLO DE MESA PARA XV AÑOS
2023-04-21 12:58:42,359 - INFO - El usuario Gerson actualizó el arreglo ARREGLO DE MESA PARA XV AÑOS
2023-04-21 12:58:42,359 - INFO - El usuario Gerson actualizó el arreglo ARREGLO DE MESA PARA XV AÑOS
2023-04-21 12:58:54,912 - INFO - El usuario Gerson actualizó el arreglo ARREGLO DE BANQUETE
2023-04-21 12:58:54,912 - INFO - El usuario Gerson actualizó el arreglo ARREGLO DE BANQUETE
2023-04-21 12:58:54,912 - INFO - El usuario Gerson actualizó el arreglo ARREGLO DE BANQUETE
2023-04-21 12:58:54,912 - INFO - El usuario Gerson actualizó el arreglo ARREGLO DE BANQUETE
2023-04-21 12:58:54,912 - INFO - El usuario Gerson actualizó el arreglo ARREGLO DE BANQUETE
2023-04-21 12:58:54,912 - INFO - El usuario Gerson actualizó el arreglo ARREGLO DE BANQUETE
2023-04-21 12:58:54,912 - INFO - El usuario Gerson actualizó el arreglo ARREGLO DE BANQUETE
2023-04-21 12:58:54,912 - INFO - El usuario Gerson actualizó el arreglo ARREGLO DE BANQUETE
2023-04-21 12:58:54,912 - INFO - El usuario Gerson actualizó el arreglo ARREGLO DE BANQUETE
2023-04-21 12:58:54,912 - INFO - El usuario Gerson actualizó el arreglo ARREGLO DE BANQUETE
2023-04-21 12:58:54,912 - INFO - El usuario Gerson actualizó el arreglo ARREGLO DE BANQUETE
2023-04-21 12:58:54,912 - INFO - El usuario Gerson actualizó el arreglo ARREGLO DE BANQUETE
2023-04-21 12:58:54,912 - INFO - El usuario Gerson actualizó el arreglo ARREGLO DE BANQUETE
2023-04-21 12:58:54,912 - INFO - El usuario Gerson actualizó el arreglo ARREGLO DE BANQUETE
2023-04-21 12:58:54,912 - INFO - El usuario Gerson actualizó el arreglo ARREGLO DE BANQUETE
2023-04-21 12:58:54,912 - INFO - El usuario Gerson actualizó el arreglo ARREGLO DE BANQUETE
2023-04-21 12:58:54,912 - INFO - El usuario Gerson actualizó el arreglo ARREGLO DE BANQUETE
2023-04-21 12:58:57,989 - INFO - Sesión finalizada por el usuario Gerson
2023-04-21 12:58:57,989 - INFO - Sesión finalizada por el usuario Gerson
2023-04-21 12:58:57,989 - INFO - Sesión finalizada por el usuario Gerson
2023-04-21 12:58:57,989 - INFO - Sesión finalizada por el usuario Gerson
2023-04-21 12:58:57,989 - INFO - Sesión finalizada por el usuario Gerson
2023-04-21 12:58:57,989 - INFO - Sesión finalizada por el usuario Gerson
2023-04-21 12:58:57,989 - INFO - Sesión finalizada por el usuario Gerson
2023-04-21 12:58:57,989 - INFO - Sesión finalizada por el usuario Gerson
2023-04-21 12:58:57,989 - INFO - Sesión finalizada por el usuario Gerson
2023-04-21 12:58:57,989 - INFO - Sesión finalizada por el usuario Gerson
2023-04-21 12:58:57,989 - INFO - Sesión finalizada por el usuario Gerson
2023-04-21 12:58:57,989 - INFO - Sesión finalizada por el usuario Gerson
2023-04-21 12:58:57,989 - INFO - Sesión finalizada por el usuario Gerson
2023-04-21 12:58:57,989 - INFO - Sesión finalizada por el usuario Gerson
2023-04-21 12:58:57,989 - INFO - Sesión finalizada por el usuario Gerson
2023-04-21 12:58:57,989 - INFO - Sesión finalizada por el usuario Gerson
2023-04-21 12:58:57,989 - INFO - Sesión finalizada por el usuario Gerson
2023-04-21 12:58:57,989 - INFO - Sesión finalizada por el usuario Gerson
2023-04-21 13:05:42,719 - INFO - Inicio sesion el usuario Gerson
2023-04-21 13:05:42,719 - INFO - Inicio sesion el usuario Gerson
2023-04-21 13:05:42,719 - INFO - Inicio sesion el usuario Gerson
2023-04-21 13:05:42,719 - INFO - Inicio sesion el usuario Gerson
2023-04-21 13:05:42,719 - INFO - Inicio sesion el usuario Gerson
2023-04-21 13:05:42,719 - INFO - Inicio sesion el usuario Gerson
2023-04-21 13:05:42,719 - INFO - Inicio sesion el usuario Gerson
2023-04-21 13:05:42,719 - INFO - Inicio sesion el usuario Gerson
2023-04-21 13:05:42,719 - INFO - Inicio sesion el usuario Gerson
2023-04-21 13:05:42,719 - INFO - Inicio sesion el usuario Gerson
2023-04-21 13:05:42,719 - INFO - Inicio sesion el usuario Gerson
2023-04-21 13:05:42,719 - INFO - Inicio sesion el usuario Gerson
2023-04-21 13:05:42,719 - INFO - Inicio sesion el usuario Gerson
2023-04-21 13:05:42,719 - INFO - Inicio sesion el usuario Gerson
2023-04-21 13:05:42,719 - INFO - Inicio sesion el usuario Gerson
2023-04-21 13:05:42,719 - INFO - Inicio sesion el usuario Gerson
2023-04-21 13:05:42,719 - INFO - Inicio sesion el usuario Gerson
2023-04-21 13:05:42,719 - INFO - Inicio sesion el usuario Gerson
2023-04-21 13:05:42,719 - INFO - Inicio sesion el usuario Gerson
2023-04-21 13:06:09,016 - INFO - Sesión finalizada por el usuario Gerson
2023-04-21 13:06:09,016 - INFO - Sesión finalizada por el usuario Gerson
2023-04-21 13:06:09,016 - INFO - Sesión finalizada por el usuario Gerson
2023-04-21 13:06:09,016 - INFO - Sesión finalizada por el usuario Gerson
2023-04-21 13:06:09,016 - INFO - Sesión finalizada por el usuario Gerson
2023-04-21 13:06:09,016 - INFO - Sesión finalizada por el usuario Gerson
2023-04-21 13:06:09,016 - INFO - Sesión finalizada por el usuario Gerson
2023-04-21 13:06:09,016 - INFO - Sesión finalizada por el usuario Gerson
2023-04-21 13:06:09,016 - INFO - Sesión finalizada por el usuario Gerson
2023-04-21 13:06:09,016 - INFO - Sesión finalizada por el usuario Gerson
2023-04-21 13:06:09,016 - INFO - Sesión finalizada por el usuario Gerson
2023-04-21 13:06:09,016 - INFO - Sesión finalizada por el usuario Gerson
2023-04-21 13:06:09,016 - INFO - Sesión finalizada por el usuario Gerson
2023-04-21 13:06:09,016 - INFO - Sesión finalizada por el usuario Gerson
2023-04-21 13:06:09,016 - INFO - Sesión finalizada por el usuario Gerson
2023-04-21 13:06:09,016 - INFO - Sesión finalizada por el usuario Gerson
2023-04-21 13:06:09,016 - INFO - Sesión finalizada por el usuario Gerson
2023-04-21 13:06:09,016 - INFO - Sesión finalizada por el usuario Gerson
2023-04-21 13:06:09,016 - INFO - Sesión finalizada por el usuario Gerson
2023-04-21 13:06:09,016 - INFO - Sesión finalizada por el usuario Gerson
2023-04-21 13:06:14,351 - INFO - Inicio sesion el usuario Marlene
2023-04-21 13:06:14,351 - INFO - Inicio sesion el usuario Marlene
2023-04-21 13:06:14,351 - INFO - Inicio sesion el usuario Marlene
2023-04-21 13:06:14,351 - INFO - Inicio sesion el usuario Marlene
2023-04-21 13:06:14,351 - INFO - Inicio sesion el usuario Marlene
2023-04-21 13:06:14,351 - INFO - Inicio sesion el usuario Marlene
2023-04-21 13:06:14,351 - INFO - Inicio sesion el usuario Marlene
2023-04-21 13:06:14,351 - INFO - Inicio sesion el usuario Marlene
2023-04-21 13:06:14,351 - INFO - Inicio sesion el usuario Marlene
2023-04-21 13:06:14,351 - INFO - Inicio sesion el usuario Marlene
2023-04-21 13:06:14,351 - INFO - Inicio sesion el usuario Marlene
2023-04-21 13:06:14,351 - INFO - Inicio sesion el usuario Marlene
2023-04-21 13:06:14,351 - INFO - Inicio sesion el usuario Marlene
2023-04-21 13:06:14,351 - INFO - Inicio sesion el usuario Marlene
2023-04-21 13:06:14,351 - INFO - Inicio sesion el usuario Marlene
2023-04-21 13:06:14,351 - INFO - Inicio sesion el usuario Marlene
2023-04-21 13:06:14,351 - INFO - Inicio sesion el usuario Marlene
2023-04-21 13:06:14,351 - INFO - Inicio sesion el usuario Marlene
2023-04-21 13:06:14,351 - INFO - Inicio sesion el usuario Marlene
2023-04-21 13:06:14,351 - INFO - Inicio sesion el usuario Marlene
2023-04-21 13:06:14,351 - INFO - Inicio sesion el usuario Marlene
2023-04-21 13:06:29,599 - INFO - El cliente Marlene ha solicitado un pedido con ID: <built-in function id>
2023-04-21 13:06:29,599 - INFO - El cliente Marlene ha solicitado un pedido con ID: <built-in function id>
2023-04-21 13:06:29,599 - INFO - El cliente Marlene ha solicitado un pedido con ID: <built-in function id>
2023-04-21 13:06:29,599 - INFO - El cliente Marlene ha solicitado un pedido con ID: <built-in function id>
2023-04-21 13:06:29,599 - INFO - El cliente Marlene ha solicitado un pedido con ID: <built-in function id>
2023-04-21 13:06:29,599 - INFO - El cliente Marlene ha solicitado un pedido con ID: <built-in function id>
2023-04-21 13:06:29,599 - INFO - El cliente Marlene ha solicitado un pedido con ID: <built-in function id>
2023-04-21 13:06:29,599 - INFO - El cliente Marlene ha solicitado un pedido con ID: <built-in function id>
2023-04-21 13:06:29,599 - INFO - El cliente Marlene ha solicitado un pedido con ID: <built-in function id>
2023-04-21 13:06:29,599 - INFO - El cliente Marlene ha solicitado un pedido con ID: <built-in function id>
2023-04-21 13:06:29,599 - INFO - El cliente Marlene ha solicitado un pedido con ID: <built-in function id>
2023-04-21 13:06:29,599 - INFO - El cliente Marlene ha solicitado un pedido con ID: <built-in function id>
2023-04-21 13:06:29,599 - INFO - El cliente Marlene ha solicitado un pedido con ID: <built-in function id>
2023-04-21 13:06:29,599 - INFO - El cliente Marlene ha solicitado un pedido con ID: <built-in function id>
2023-04-21 13:06:29,599 - INFO - El cliente Marlene ha solicitado un pedido con ID: <built-in function id>
2023-04-21 13:06:29,599 - INFO - El cliente Marlene ha solicitado un pedido con ID: <built-in function id>
2023-04-21 13:06:29,599 - INFO - El cliente Marlene ha solicitado un pedido con ID: <built-in function id>
2023-04-21 13:06:29,599 - INFO - El cliente Marlene ha solicitado un pedido con ID: <built-in function id>
2023-04-21 13:06:29,599 - INFO - El cliente Marlene ha solicitado un pedido con ID: <built-in function id>
2023-04-21 13:06:29,599 - INFO - El cliente Marlene ha solicitado un pedido con ID: <built-in function id>
2023-04-21 13:06:29,599 - INFO - El cliente Marlene ha solicitado un pedido con ID: <built-in function id>
2023-04-21 13:06:36,676 - INFO - Sesión finalizada por el usuario Marlene
2023-04-21 13:06:36,676 - INFO - Sesión finalizada por el usuario Marlene
2023-04-21 13:06:36,676 - INFO - Sesión finalizada por el usuario Marlene
2023-04-21 13:06:36,676 - INFO - Sesión finalizada por el usuario Marlene
2023-04-21 13:06:36,676 - INFO - Sesión finalizada por el usuario Marlene
2023-04-21 13:06:36,676 - INFO - Sesión finalizada por el usuario Marlene
2023-04-21 13:06:36,676 - INFO - Sesión finalizada por el usuario Marlene
2023-04-21 13:06:36,676 - INFO - Sesión finalizada por el usuario Marlene
2023-04-21 13:06:36,676 - INFO - Sesión finalizada por el usuario Marlene
2023-04-21 13:06:36,676 - INFO - Sesión finalizada por el usuario Marlene
2023-04-21 13:06:36,676 - INFO - Sesión finalizada por el usuario Marlene
2023-04-21 13:06:36,676 - INFO - Sesión finalizada por el usuario Marlene
2023-04-21 13:06:36,676 - INFO - Sesión finalizada por el usuario Marlene
2023-04-21 13:06:36,676 - INFO - Sesión finalizada por el usuario Marlene
2023-04-21 13:06:36,676 - INFO - Sesión finalizada por el usuario Marlene
2023-04-21 13:06:36,676 - INFO - Sesión finalizada por el usuario Marlene
2023-04-21 13:06:36,676 - INFO - Sesión finalizada por el usuario Marlene
2023-04-21 13:06:36,676 - INFO - Sesión finalizada por el usuario Marlene
2023-04-21 13:06:36,676 - INFO - Sesión finalizada por el usuario Marlene
2023-04-21 13:06:36,676 - INFO - Sesión finalizada por el usuario Marlene
2023-04-21 13:06:36,676 - INFO - Sesión finalizada por el usuario Marlene
2023-04-21 13:06:36,676 - INFO - Sesión finalizada por el usuario Marlene
2023-04-21 13:06:45,003 - INFO - Inicio sesion el usuario Gerson
2023-04-21 13:06:45,003 - INFO - Inicio sesion el usuario Gerson
2023-04-21 13:06:45,003 - INFO - Inicio sesion el usuario Gerson
2023-04-21 13:06:45,003 - INFO - Inicio sesion el usuario Gerson
2023-04-21 13:06:45,003 - INFO - Inicio sesion el usuario Gerson
2023-04-21 13:06:45,003 - INFO - Inicio sesion el usuario Gerson
2023-04-21 13:06:45,003 - INFO - Inicio sesion el usuario Gerson
2023-04-21 13:06:45,003 - INFO - Inicio sesion el usuario Gerson
2023-04-21 13:06:45,003 - INFO - Inicio sesion el usuario Gerson
2023-04-21 13:06:45,003 - INFO - Inicio sesion el usuario Gerson
2023-04-21 13:06:45,003 - INFO - Inicio sesion el usuario Gerson
2023-04-21 13:06:45,003 - INFO - Inicio sesion el usuario Gerson
2023-04-21 13:06:45,003 - INFO - Inicio sesion el usuario Gerson
2023-04-21 13:06:45,003 - INFO - Inicio sesion el usuario Gerson
2023-04-21 13:06:45,003 - INFO - Inicio sesion el usuario Gerson
2023-04-21 13:06:45,003 - INFO - Inicio sesion el usuario Gerson
2023-04-21 13:06:45,003 - INFO - Inicio sesion el usuario Gerson
2023-04-21 13:06:45,003 - INFO - Inicio sesion el usuario Gerson
2023-04-21 13:06:45,003 - INFO - Inicio sesion el usuario Gerson
2023-04-21 13:06:45,003 - INFO - Inicio sesion el usuario Gerson
2023-04-21 13:06:45,003 - INFO - Inicio sesion el usuario Gerson
2023-04-21 13:06:45,003 - INFO - Inicio sesion el usuario Gerson
2023-04-21 13:06:45,003 - INFO - Inicio sesion el usuario Gerson
2023-04-21 13:08:29,789 - INFO - Sesión finalizada por el usuario Gerson
2023-04-21 13:08:29,789 - INFO - Sesión finalizada por el usuario Gerson
2023-04-21 13:08:29,789 - INFO - Sesión finalizada por el usuario Gerson
2023-04-21 13:08:29,789 - INFO - Sesión finalizada por el usuario Gerson
2023-04-21 13:08:29,789 - INFO - Sesión finalizada por el usuario Gerson
2023-04-21 13:08:29,789 - INFO - Sesión finalizada por el usuario Gerson
2023-04-21 13:08:29,789 - INFO - Sesión finalizada por el usuario Gerson
2023-04-21 13:08:29,789 - INFO - Sesión finalizada por el usuario Gerson
2023-04-21 13:08:29,789 - INFO - Sesión finalizada por el usuario Gerson
2023-04-21 13:08:29,789 - INFO - Sesión finalizada por el usuario Gerson
2023-04-21 13:08:29,789 - INFO - Sesión finalizada por el usuario Gerson
2023-04-21 13:08:29,789 - INFO - Sesión finalizada por el usuario Gerson
2023-04-21 13:08:29,789 - INFO - Sesión finalizada por el usuario Gerson
2023-04-21 13:08:29,789 - INFO - Sesión finalizada por el usuario Gerson
2023-04-21 13:08:29,789 - INFO - Sesión finalizada por el usuario Gerson
2023-04-21 13:08:29,789 - INFO - Sesión finalizada por el usuario Gerson
2023-04-21 13:08:29,789 - INFO - Sesión finalizada por el usuario Gerson
2023-04-21 13:08:29,789 - INFO - Sesión finalizada por el usuario Gerson
2023-04-21 13:08:29,789 - INFO - Sesión finalizada por el usuario Gerson
2023-04-21 13:08:29,789 - INFO - Sesión finalizada por el usuario Gerson
2023-04-21 13:08:29,789 - INFO - Sesión finalizada por el usuario Gerson
2023-04-21 13:08:29,789 - INFO - Sesión finalizada por el usuario Gerson
2023-04-21 13:08:29,789 - INFO - Sesión finalizada por el usuario Gerson
2023-04-21 13:08:29,789 - INFO - Sesión finalizada por el usuario Gerson
2023-04-21 13:08:48,266 - INFO - Inicio sesion el usuario Marlene
2023-04-21 13:08:48,266 - INFO - Inicio sesion el usuario Marlene
2023-04-21 13:08:48,266 - INFO - Inicio sesion el usuario Marlene
2023-04-21 13:08:48,266 - INFO - Inicio sesion el usuario Marlene
2023-04-21 13:08:48,266 - INFO - Inicio sesion el usuario Marlene
2023-04-21 13:08:48,266 - INFO - Inicio sesion el usuario Marlene
2023-04-21 13:08:48,266 - INFO - Inicio sesion el usuario Marlene
2023-04-21 13:08:48,266 - INFO - Inicio sesion el usuario Marlene
2023-04-21 13:08:48,266 - INFO - Inicio sesion el usuario Marlene
2023-04-21 13:08:48,266 - INFO - Inicio sesion el usuario Marlene
2023-04-21 13:08:48,266 - INFO - Inicio sesion el usuario Marlene
2023-04-21 13:08:48,266 - INFO - Inicio sesion el usuario Marlene
2023-04-21 13:08:48,266 - INFO - Inicio sesion el usuario Marlene
2023-04-21 13:08:48,266 - INFO - Inicio sesion el usuario Marlene
2023-04-21 13:08:48,266 - INFO - Inicio sesion el usuario Marlene
2023-04-21 13:08:48,266 - INFO - Inicio sesion el usuario Marlene
2023-04-21 13:08:48,266 - INFO - Inicio sesion el usuario Marlene
2023-04-21 13:08:48,266 - INFO - Inicio sesion el usuario Marlene
2023-04-21 13:08:48,266 - INFO - Inicio sesion el usuario Marlene
2023-04-21 13:08:48,266 - INFO - Inicio sesion el usuario Marlene
2023-04-21 13:08:48,266 - INFO - Inicio sesion el usuario Marlene
2023-04-21 13:08:48,266 - INFO - Inicio sesion el usuario Marlene
2023-04-21 13:08:48,266 - INFO - Inicio sesion el usuario Marlene
2023-04-21 13:08:48,266 - INFO - Inicio sesion el usuario Marlene
2023-04-21 13:08:48,266 - INFO - Inicio sesion el usuario Marlene
2023-04-21 13:08:53,828 - INFO - El cliente Marlene ha solicitado un pedido con ID: <built-in function id>
2023-04-21 13:08:53,828 - INFO - El cliente Marlene ha solicitado un pedido con ID: <built-in function id>
2023-04-21 13:08:53,828 - INFO - El cliente Marlene ha solicitado un pedido con ID: <built-in function id>
2023-04-21 13:08:53,828 - INFO - El cliente Marlene ha solicitado un pedido con ID: <built-in function id>
2023-04-21 13:08:53,828 - INFO - El cliente Marlene ha solicitado un pedido con ID: <built-in function id>
2023-04-21 13:08:53,828 - INFO - El cliente Marlene ha solicitado un pedido con ID: <built-in function id>
2023-04-21 13:08:53,828 - INFO - El cliente Marlene ha solicitado un pedido con ID: <built-in function id>
2023-04-21 13:08:53,828 - INFO - El cliente Marlene ha solicitado un pedido con ID: <built-in function id>
2023-04-21 13:08:53,828 - INFO - El cliente Marlene ha solicitado un pedido con ID: <built-in function id>
2023-04-21 13:08:53,828 - INFO - El cliente Marlene ha solicitado un pedido con ID: <built-in function id>
2023-04-21 13:08:53,828 - INFO - El cliente Marlene ha solicitado un pedido con ID: <built-in function id>
2023-04-21 13:08:53,828 - INFO - El cliente Marlene ha solicitado un pedido con ID: <built-in function id>
2023-04-21 13:08:53,828 - INFO - El cliente Marlene ha solicitado un pedido con ID: <built-in function id>
2023-04-21 13:08:53,828 - INFO - El cliente Marlene ha solicitado un pedido con ID: <built-in function id>
2023-04-21 13:08:53,828 - INFO - El cliente Marlene ha solicitado un pedido con ID: <built-in function id>
2023-04-21 13:08:53,828 - INFO - El cliente Marlene ha solicitado un pedido con ID: <built-in function id>
2023-04-21 13:08:53,828 - INFO - El cliente Marlene ha solicitado un pedido con ID: <built-in function id>
2023-04-21 13:08:53,828 - INFO - El cliente Marlene ha solicitado un pedido con ID: <built-in function id>
2023-04-21 13:08:53,828 - INFO - El cliente Marlene ha solicitado un pedido con ID: <built-in function id>
2023-04-21 13:08:53,828 - INFO - El cliente Marlene ha solicitado un pedido con ID: <built-in function id>
2023-04-21 13:08:53,828 - INFO - El cliente Marlene ha solicitado un pedido con ID: <built-in function id>
2023-04-21 13:08:53,828 - INFO - El cliente Marlene ha solicitado un pedido con ID: <built-in function id>
2023-04-21 13:08:53,828 - INFO - El cliente Marlene ha solicitado un pedido con ID: <built-in function id>
2023-04-21 13:08:53,828 - INFO - El cliente Marlene ha solicitado un pedido con ID: <built-in function id>
2023-04-21 13:08:53,828 - INFO - El cliente Marlene ha solicitado un pedido con ID: <built-in function id>
2023-04-21 13:13:51,252 - INFO - Se inició la aplicación
2023-04-21 13:14:05,220 - INFO - Se inició la aplicación
2023-04-21 13:14:09,407 - INFO - Se inició la aplicación
2023-04-21 13:14:33,535 - INFO - Se inició la aplicación
2023-04-21 13:14:47,076 - INFO - Se inició la aplicación
2023-04-21 13:14:54,122 - INFO - Se inició la aplicación
2023-04-21 13:14:57,875 - INFO - Se inició la aplicación
2023-04-21 13:19:02,277 - INFO - Inicio sesion el usuario Marlene
2023-04-21 13:19:02,277 - INFO - Inicio sesion el usuario Marlene
2023-04-21 13:20:07,736 - INFO - El cliente Marlene ha solicitado un pedido con ID: <built-in function id>
2023-04-21 13:20:07,736 - INFO - El cliente Marlene ha solicitado un pedido con ID: <built-in function id>
2023-04-21 13:21:41,005 - INFO - Sesión finalizada por el usuario Marlene
2023-04-21 13:21:41,005 - INFO - Sesión finalizada por el usuario Marlene
2023-04-21 13:21:41,005 - INFO - Sesión finalizada por el usuario Marlene
